mode: set
github.com/the-loon-clan/loon-site/assets.go:42.13,43.15 1 1
github.com/the-loon-clan/loon-site/assets.go:43.15,45.3 1 0
github.com/the-loon-clan/loon-site/internal/sanitize/sanitize.go:32.29,37.16 3 1
github.com/the-loon-clan/loon-site/internal/sanitize/sanitize.go:37.16,41.3 1 0
github.com/the-loon-clan/loon-site/internal/sanitize/sanitize.go:42.2,43.26 2 1
github.com/the-loon-clan/loon-site/internal/sanitize/sanitize.go:43.26,45.3 1 1
github.com/the-loon-clan/loon-site/internal/sanitize/sanitize.go:46.2,46.20 1 1
github.com/the-loon-clan/loon-site/internal/sanitize/sanitize.go:49.56,50.16 1 1
github.com/the-loon-clan/loon-site/internal/sanitize/sanitize.go:51.21,53.9 2 1
github.com/the-loon-clan/loon-site/internal/sanitize/sanitize.go:54.24,56.60 1 1
github.com/the-loon-clan/loon-site/internal/sanitize/sanitize.go:56.60,58.4 1 1
github.com/the-loon-clan/loon-site/internal/sanitize/sanitize.go:59.3,59.35 1 1
github.com/the-loon-clan/loon-site/internal/sanitize/sanitize.go:59.35,61.55 1 1
github.com/the-loon-clan/loon-site/internal/sanitize/sanitize.go:61.55,63.5 1 1
github.com/the-loon-clan/loon-site/internal/sanitize/sanitize.go:64.4,64.10 1 1
github.com/the-loon-clan/loon-site/internal/sanitize/sanitize.go:66.3,68.28 3 1
github.com/the-loon-clan/loon-site/internal/sanitize/sanitize.go:68.28,69.61 1 1
github.com/the-loon-clan/loon-site/internal/sanitize/sanitize.go:69.61,70.13 1 1
github.com/the-loon-clan/loon-site/internal/sanitize/sanitize.go:72.4,72.62 1 1
github.com/the-loon-clan/loon-site/internal/sanitize/sanitize.go:72.62,73.13 1 1
github.com/the-loon-clan/loon-site/internal/sanitize/sanitize.go:75.4,75.71 1 1
github.com/the-loon-clan/loon-site/internal/sanitize/sanitize.go:78.3,78.79 1 1
github.com/the-loon-clan/loon-site/internal/sanitize/sanitize.go:78.79,81.4 2 1
github.com/the-loon-clan/loon-site/internal/sanitize/sanitize.go:82.3,83.54 2 1
github.com/the-loon-clan/loon-site/internal/sanitize/sanitize.go:83.54,85.4 1 1
github.com/the-loon-clan/loon-site/internal/sanitize/sanitize.go:86.3,86.38 1 1
github.com/the-loon-clan/loon-site/internal/sanitize/sanitize.go:87.10,89.54 1 0
github.com/the-loon-clan/loon-site/internal/sanitize/sanitize.go:89.54,91.4 1 0
github.com/the-loon-clan/loon-site/internal/sanitize/sanitize.go:125.31,126.37 1 1
github.com/the-loon-clan/loon-site/internal/sanitize/sanitize.go:126.37,127.29 1 1
github.com/the-loon-clan/loon-site/internal/sanitize/sanitize.go:127.29,129.4 1 1
github.com/the-loon-clan/loon-site/internal/sanitize/sanitize.go:130.3,130.11 1 1
github.com/the-loon-clan/loon-site/internal/sanitize/sanitize.go:132.2,133.40 2 1
github.com/the-loon-clan/loon-site/internal/sanitize/sanitize.go:133.40,135.56 1 1
github.com/the-loon-clan/loon-site/internal/sanitize/sanitize.go:135.56,136.17 1 1
github.com/the-loon-clan/loon-site/internal/sanitize/sanitize.go:137.35,138.16 1 1
github.com/the-loon-clan/loon-site/internal/sanitize/sanitize.go:139.12,140.17 1 1
github.com/the-loon-clan/loon-site/internal/sanitize/sanitize.go:144.2,144.13 1 1
github.com/the-loon-clan/loon-site/internal/config/config.go:23.27,26.2 2 1
github.com/the-loon-clan/loon-site/internal/config/config.go:60.20,61.68 1 1
github.com/the-loon-clan/loon-site/internal/config/config.go:62.15,63.17 1 1
github.com/the-loon-clan/loon-site/internal/config/config.go:64.18,65.20 1 1
github.com/the-loon-clan/loon-site/internal/config/config.go:66.10,67.17 1 1
github.com/the-loon-clan/loon-site/internal/config/config.go:73.25,76.2 2 1
github.com/the-loon-clan/loon-site/internal/config/config.go:84.22,84.50 1 1
github.com/the-loon-clan/loon-site/internal/config/config.go:87.23,87.54 1 1
github.com/the-loon-clan/loon-site/internal/config/config.go:94.27,96.2 1 1
github.com/the-loon-clan/loon-site/internal/config/config.go:104.29,106.2 1 1
github.com/the-loon-clan/loon-site/internal/config/config.go:113.28,115.2 1 1
github.com/the-loon-clan/loon-site/internal/config/config.go:126.31,128.2 1 1
github.com/the-loon-clan/loon-site/internal/config/config.go:131.30,133.2 1 1
github.com/the-loon-clan/loon-site/internal/request/bind.go:41.41,43.48 2 1
github.com/the-loon-clan/loon-site/internal/request/bind.go:43.48,45.3 1 1
github.com/the-loon-clan/loon-site/internal/request/bind.go:46.2,47.33 2 1
github.com/the-loon-clan/loon-site/internal/request/bind.go:47.33,49.3 1 1
github.com/the-loon-clan/loon-site/internal/request/bind.go:50.2,50.56 1 1
github.com/the-loon-clan/loon-site/internal/request/bind.go:50.56,51.38 1 1
github.com/the-loon-clan/loon-site/internal/request/bind.go:51.38,53.4 1 1
github.com/the-loon-clan/loon-site/internal/request/bind.go:54.3,54.25 1 1
github.com/the-loon-clan/loon-site/internal/request/bind.go:55.31,56.44 1 0
github.com/the-loon-clan/loon-site/internal/request/bind.go:56.44,58.4 1 0
github.com/the-loon-clan/loon-site/internal/request/bind.go:59.3,59.27 1 0
github.com/the-loon-clan/loon-site/internal/request/bind.go:64.104,66.31 2 1
github.com/the-loon-clan/loon-site/internal/request/bind.go:66.31,68.22 2 1
github.com/the-loon-clan/loon-site/internal/request/bind.go:68.22,69.12 1 1
github.com/the-loon-clan/loon-site/internal/request/bind.go:71.3,72.11 2 1
github.com/the-loon-clan/loon-site/internal/request/bind.go:72.11,73.12 1 1
github.com/the-loon-clan/loon-site/internal/request/bind.go:75.3,77.79 2 1
github.com/the-loon-clan/loon-site/internal/request/bind.go:77.79,79.12 2 0
github.com/the-loon-clan/loon-site/internal/request/bind.go:82.3,83.11 2 1
github.com/the-loon-clan/loon-site/internal/request/bind.go:83.11,85.4 1 1
github.com/the-loon-clan/loon-site/internal/request/bind.go:86.3,86.50 1 1
github.com/the-loon-clan/loon-site/internal/request/bind.go:86.50,88.4 1 1
github.com/the-loon-clan/loon-site/internal/request/bind.go:90.2,90.12 1 1
github.com/the-loon-clan/loon-site/internal/request/bind.go:97.67,102.9 4 1
github.com/the-loon-clan/loon-site/internal/request/bind.go:103.29,104.23 1 1
github.com/the-loon-clan/loon-site/internal/request/bind.go:105.28,106.26 1 1
github.com/the-loon-clan/loon-site/internal/request/bind.go:107.10,108.35 1 1
github.com/the-loon-clan/loon-site/internal/request/bind.go:112.63,113.19 1 1
github.com/the-loon-clan/loon-site/internal/request/bind.go:114.22,115.18 1 1
github.com/the-loon-clan/loon-site/internal/request/bind.go:116.20,120.35 1 1
github.com/the-loon-clan/loon-site/internal/request/bind.go:121.34,122.14 1 1
github.com/the-loon-clan/loon-site/internal/request/bind.go:122.14,125.4 2 0
github.com/the-loon-clan/loon-site/internal/request/bind.go:126.3,127.17 2 1
github.com/the-loon-clan/loon-site/internal/request/bind.go:127.17,133.4 2 1
github.com/the-loon-clan/loon-site/internal/request/bind.go:134.3,134.15 1 1
github.com/the-loon-clan/loon-site/internal/request/bind.go:135.10,137.47 1 1
github.com/the-loon-clan/loon-site/internal/request/bind.go:139.2,139.12 1 1
github.com/the-loon-clan/loon-site/internal/request/bind.go:145.28,146.28 1 1
github.com/the-loon-clan/loon-site/internal/request/bind.go:147.32,148.14 1 1
github.com/the-loon-clan/loon-site/internal/request/bind.go:150.2,150.14 1 1
github.com/the-loon-clan/loon-site/internal/request/bind.go:162.32,165.23 3 1
github.com/the-loon-clan/loon-site/internal/request/bind.go:165.23,166.27 1 1
github.com/the-loon-clan/loon-site/internal/request/bind.go:166.27,173.41 3 1
github.com/the-loon-clan/loon-site/internal/request/bind.go:173.41,175.5 1 1
github.com/the-loon-clan/loon-site/internal/request/bind.go:176.4,177.12 2 1
github.com/the-loon-clan/loon-site/internal/request/bind.go:179.3,179.17 1 1
github.com/the-loon-clan/loon-site/internal/request/bind.go:181.2,181.19 1 1
github.com/the-loon-clan/loon-site/internal/request/bind.go:184.52,185.23 1 1
github.com/the-loon-clan/loon-site/internal/request/bind.go:185.23,186.16 1 1
github.com/the-loon-clan/loon-site/internal/request/bind.go:186.16,188.4 1 1
github.com/the-loon-clan/loon-site/internal/request/bind.go:190.2,190.14 1 1
github.com/the-loon-clan/loon-site/internal/request/request.go:49.41,50.15 1 1
github.com/the-loon-clan/loon-site/internal/request/request.go:50.15,52.3 1 1
github.com/the-loon-clan/loon-site/internal/request/request.go:53.2,53.35 1 1
github.com/the-loon-clan/loon-site/internal/request/request.go:53.35,55.3 1 1
github.com/the-loon-clan/loon-site/internal/request/request.go:59.28,59.49 1 1
github.com/the-loon-clan/loon-site/internal/request/request.go:64.47,65.26 1 1
github.com/the-loon-clan/loon-site/internal/request/request.go:65.26,66.24 1 1
github.com/the-loon-clan/loon-site/internal/request/request.go:66.24,68.4 1 1
github.com/the-loon-clan/loon-site/internal/request/request.go:70.2,71.22 2 1
github.com/the-loon-clan/loon-site/internal/request/request.go:71.22,72.29 1 1
github.com/the-loon-clan/loon-site/internal/request/request.go:72.29,74.4 1 1
github.com/the-loon-clan/loon-site/internal/request/request.go:76.2,76.16 1 1
github.com/the-loon-clan/loon-site/internal/request/request.go:89.37,89.61 1 1
github.com/the-loon-clan/loon-site/internal/request/request.go:98.59,99.17 1 1
github.com/the-loon-clan/loon-site/internal/request/request.go:99.17,102.3 2 1
github.com/the-loon-clan/loon-site/internal/request/request.go:103.2,103.13 1 1
github.com/the-loon-clan/loon-site/internal/request/request.go:112.68,113.49 1 1
github.com/the-loon-clan/loon-site/internal/request/request.go:113.49,116.3 2 1
github.com/the-loon-clan/loon-site/internal/request/request.go:117.2,117.13 1 1
github.com/the-loon-clan/loon-site/internal/request/request.go:121.68,122.49 1 1
github.com/the-loon-clan/loon-site/internal/request/request.go:122.49,125.3 2 1
github.com/the-loon-clan/loon-site/internal/request/request.go:126.2,126.13 1 1
github.com/the-loon-clan/loon-site/internal/request/request.go:134.56,135.52 1 1
github.com/the-loon-clan/loon-site/internal/request/request.go:135.52,138.3 2 1
github.com/the-loon-clan/loon-site/internal/request/request.go:139.2,139.13 1 1
github.com/the-loon-clan/loon-site/internal/request/request.go:147.75,148.28 1 1
github.com/the-loon-clan/loon-site/internal/request/request.go:148.28,149.17 1 1
github.com/the-loon-clan/loon-site/internal/request/request.go:149.17,151.4 1 1
github.com/the-loon-clan/loon-site/internal/request/request.go:153.2,154.14 2 1
github.com/the-loon-clan/loon-site/internal/request/request.go:158.55,159.12 1 1
github.com/the-loon-clan/loon-site/internal/request/request.go:159.12,162.3 2 1
github.com/the-loon-clan/loon-site/internal/request/request.go:163.2,163.13 1 1
github.com/the-loon-clan/loon-site/internal/request/request.go:169.28,169.59 1 1
github.com/the-loon-clan/loon-site/internal/markdown/markdown.go:53.39,55.58 2 1
github.com/the-loon-clan/loon-site/internal/markdown/markdown.go:55.58,60.3 1 0
github.com/the-loon-clan/loon-site/internal/markdown/markdown.go:61.2,61.51 1 1
github.com/the-loon-clan/loon-site/internal/markdown/markdown.go:76.48,78.33 2 1
github.com/the-loon-clan/loon-site/internal/markdown/markdown.go:78.33,79.21 1 1
github.com/the-loon-clan/loon-site/internal/markdown/markdown.go:79.21,81.12 2 1
github.com/the-loon-clan/loon-site/internal/markdown/markdown.go:83.3,84.14 2 1
github.com/the-loon-clan/loon-site/internal/markdown/markdown.go:84.14,85.9 1 0
github.com/the-loon-clan/loon-site/internal/markdown/markdown.go:87.3,93.42 3 1
github.com/the-loon-clan/loon-site/internal/markdown/markdown.go:93.42,96.19 3 1
github.com/the-loon-clan/loon-site/internal/markdown/markdown.go:96.19,97.10 1 0
github.com/the-loon-clan/loon-site/internal/markdown/markdown.go:99.4,100.12 2 1
github.com/the-loon-clan/loon-site/internal/markdown/markdown.go:105.3,105.28 1 1
github.com/the-loon-clan/loon-site/internal/markdown/markdown.go:105.28,107.4 1 1
github.com/the-loon-clan/loon-site/internal/markdown/markdown.go:110.2,111.61 2 1
github.com/the-loon-clan/loon-site/internal/markdown/markdown.go:118.40,119.14 1 1
github.com/the-loon-clan/loon-site/internal/markdown/markdown.go:122.47,123.14 1 1
github.com/the-loon-clan/loon-site/internal/markdown/markdown.go:125.2,125.14 1 1
github.com/the-loon-clan/loon-site/internal/markdown/markdown.go:130.40,132.52 2 1
github.com/the-loon-clan/loon-site/internal/markdown/markdown.go:132.52,134.3 1 0
github.com/the-loon-clan/loon-site/internal/markdown/markdown.go:135.2,135.29 1 1
github.com/the-loon-clan/loon-site/internal/markdown/markdown.go:146.39,147.12 1 1
github.com/the-loon-clan/loon-site/internal/markdown/markdown.go:147.12,149.3 1 0
github.com/the-loon-clan/loon-site/internal/markdown/markdown.go:150.2,151.17 2 1
github.com/the-loon-clan/loon-site/internal/markdown/markdown.go:151.17,153.3 1 1
github.com/the-loon-clan/loon-site/internal/markdown/markdown.go:156.2,157.38 2 1
github.com/the-loon-clan/loon-site/internal/markdown/markdown.go:157.38,158.18 1 1
github.com/the-loon-clan/loon-site/internal/markdown/markdown.go:158.18,160.9 2 1
github.com/the-loon-clan/loon-site/internal/markdown/markdown.go:163.2,163.56 1 1
github.com/the-loon-clan/loon-site/internal/middleware/csrf.go:37.29,38.30 1 1
github.com/the-loon-clan/loon-site/internal/middleware/csrf.go:38.30,44.81 1 1
github.com/the-loon-clan/loon-site/internal/middleware/csrf.go:44.81,47.4 2 1
github.com/the-loon-clan/loon-site/internal/middleware/csrf.go:54.3,54.35 1 1
github.com/the-loon-clan/loon-site/internal/middleware/csrf.go:54.35,57.4 2 0
github.com/the-loon-clan/loon-site/internal/middleware/csrf.go:58.3,60.18 3 1
github.com/the-loon-clan/loon-site/internal/middleware/csrf.go:60.18,62.42 2 1
github.com/the-loon-clan/loon-site/internal/middleware/csrf.go:62.42,65.5 2 0
github.com/the-loon-clan/loon-site/internal/middleware/csrf.go:66.4,68.19 3 1
github.com/the-loon-clan/loon-site/internal/middleware/csrf.go:70.3,75.27 3 1
github.com/the-loon-clan/loon-site/internal/middleware/csrf.go:76.77,78.17 2 1
github.com/the-loon-clan/loon-site/internal/middleware/csrf.go:78.17,80.5 1 1
github.com/the-loon-clan/loon-site/internal/middleware/csrf.go:81.4,81.67 1 1
github.com/the-loon-clan/loon-site/internal/middleware/csrf.go:81.67,85.5 3 1
github.com/the-loon-clan/loon-site/internal/middleware/csrf.go:87.3,87.11 1 1
github.com/the-loon-clan/loon-site/internal/middleware/csrf.go:93.35,97.2 3 1
github.com/the-loon-clan/loon-site/internal/storage/bookmarks.go:9.103,10.35 1 1
github.com/the-loon-clan/loon-site/internal/storage/bookmarks.go:10.35,12.3 1 0
github.com/the-loon-clan/loon-site/internal/storage/bookmarks.go:15.2,17.16 2 1
github.com/the-loon-clan/loon-site/internal/storage/bookmarks.go:17.16,19.3 1 0
github.com/the-loon-clan/loon-site/internal/storage/bookmarks.go:20.2,20.39 1 1
github.com/the-loon-clan/loon-site/internal/storage/bookmarks.go:20.39,22.3 1 0
github.com/the-loon-clan/loon-site/internal/storage/bookmarks.go:23.2,26.24 2 1
github.com/the-loon-clan/loon-site/internal/storage/bookmarks.go:32.79,33.17 1 1
github.com/the-loon-clan/loon-site/internal/storage/bookmarks.go:33.17,35.3 1 0
github.com/the-loon-clan/loon-site/internal/storage/bookmarks.go:36.2,38.83 2 1
github.com/the-loon-clan/loon-site/internal/storage/bookmarks.go:38.83,40.3 1 0
github.com/the-loon-clan/loon-site/internal/storage/bookmarks.go:41.2,41.16 1 1
github.com/the-loon-clan/loon-site/internal/storage/bookmarks.go:45.82,46.35 1 0
github.com/the-loon-clan/loon-site/internal/storage/bookmarks.go:46.35,48.3 1 0
github.com/the-loon-clan/loon-site/internal/storage/bookmarks.go:49.2,52.34 2 0
github.com/the-loon-clan/loon-site/internal/storage/bookmarks.go:52.34,54.3 1 0
github.com/the-loon-clan/loon-site/internal/storage/bookmarks.go:55.2,55.14 1 0
github.com/the-loon-clan/loon-site/internal/storage/bookmarks.go:59.86,60.17 1 1
github.com/the-loon-clan/loon-site/internal/storage/bookmarks.go:60.17,62.3 1 0
github.com/the-loon-clan/loon-site/internal/storage/bookmarks.go:63.2,66.87 2 1
github.com/the-loon-clan/loon-site/internal/storage/bookmarks.go:66.87,68.3 1 0
github.com/the-loon-clan/loon-site/internal/storage/bookmarks.go:69.2,69.12 1 1
github.com/the-loon-clan/loon-site/internal/storage/conn.go:51.29,51.53 1 1
github.com/the-loon-clan/loon-site/internal/storage/conn.go:59.30,59.46 1 1
github.com/the-loon-clan/loon-site/internal/storage/conn.go:62.28,62.51 1 0
github.com/the-loon-clan/loon-site/internal/storage/conn.go:64.83,66.2 1 1
github.com/the-loon-clan/loon-site/internal/storage/conn.go:68.86,70.2 1 1
github.com/the-loon-clan/loon-site/internal/storage/conn.go:72.88,74.2 1 1
github.com/the-loon-clan/loon-site/internal/storage/conn.go:76.60,78.2 1 1
github.com/the-loon-clan/loon-site/internal/storage/conn.go:80.81,82.2 1 0
github.com/the-loon-clan/loon-site/internal/storage/conn.go:86.55,88.2 1 0
github.com/the-loon-clan/loon-site/internal/storage/conn.go:90.58,92.2 1 0
github.com/the-loon-clan/loon-site/internal/storage/conn.go:95.88,97.2 1 0
github.com/the-loon-clan/loon-site/internal/storage/conn.go:100.33,100.72 1 1
github.com/the-loon-clan/loon-site/internal/storage/conn.go:103.79,105.16 2 1
github.com/the-loon-clan/loon-site/internal/storage/conn.go:105.16,107.3 1 0
github.com/the-loon-clan/loon-site/internal/storage/conn.go:108.2,108.26 1 1
github.com/the-loon-clan/loon-site/internal/storage/conn.go:118.82,120.2 1 0
github.com/the-loon-clan/loon-site/internal/storage/conn.go:122.85,124.2 1 0
github.com/the-loon-clan/loon-site/internal/storage/conn.go:126.87,128.2 1 1
github.com/the-loon-clan/loon-site/internal/storage/conn.go:130.80,132.2 1 1
github.com/the-loon-clan/loon-site/internal/storage/conn.go:134.31,134.56 1 1
github.com/the-loon-clan/loon-site/internal/storage/conn.go:135.31,135.58 1 1
github.com/the-loon-clan/loon-site/internal/storage/counts.go:24.62,26.2 1 0
github.com/the-loon-clan/loon-site/internal/storage/counts.go:29.76,31.2 1 0
github.com/the-loon-clan/loon-site/internal/storage/counts.go:34.68,36.2 1 0
github.com/the-loon-clan/loon-site/internal/storage/counts.go:39.69,41.2 1 0
github.com/the-loon-clan/loon-site/internal/storage/counts.go:48.64,50.53 2 0
github.com/the-loon-clan/loon-site/internal/storage/counts.go:50.53,52.3 1 0
github.com/the-loon-clan/loon-site/internal/storage/counts.go:53.2,53.16 1 0
github.com/the-loon-clan/loon-site/internal/storage/counts.go:57.67,59.2 1 0
github.com/the-loon-clan/loon-site/internal/storage/follows.go:12.102,13.17 1 0
github.com/the-loon-clan/loon-site/internal/storage/follows.go:13.17,15.3 1 0
github.com/the-loon-clan/loon-site/internal/storage/follows.go:16.2,23.23 2 0
github.com/the-loon-clan/loon-site/internal/storage/follows.go:23.23,25.3 1 0
github.com/the-loon-clan/loon-site/internal/storage/follows.go:26.2,26.43 1 0
github.com/the-loon-clan/loon-site/internal/storage/follows.go:30.86,31.40 1 0
github.com/the-loon-clan/loon-site/internal/storage/follows.go:31.40,33.3 1 0
github.com/the-loon-clan/loon-site/internal/storage/follows.go:34.2,37.39 2 0
github.com/the-loon-clan/loon-site/internal/storage/follows.go:37.39,39.3 1 0
github.com/the-loon-clan/loon-site/internal/storage/follows.go:40.2,40.14 1 0
github.com/the-loon-clan/loon-site/internal/storage/follows.go:44.110,45.68 1 1
github.com/the-loon-clan/loon-site/internal/storage/follows.go:45.68,47.3 1 0
github.com/the-loon-clan/loon-site/internal/storage/follows.go:48.2,51.16 2 1
github.com/the-loon-clan/loon-site/internal/storage/follows.go:51.16,53.3 1 0
github.com/the-loon-clan/loon-site/internal/storage/follows.go:54.2,54.39 1 1
github.com/the-loon-clan/loon-site/internal/storage/follows.go:54.39,56.3 1 0
github.com/the-loon-clan/loon-site/internal/storage/follows.go:57.2,60.24 2 1
github.com/the-loon-clan/loon-site/internal/storage/follows.go:68.80,74.2 1 1
github.com/the-loon-clan/loon-site/internal/storage/follows.go:77.80,83.2 1 0
github.com/the-loon-clan/loon-site/internal/storage/follows.go:101.78,113.2 1 0
github.com/the-loon-clan/loon-site/internal/storage/follows.go:152.85,153.17 1 1
github.com/the-loon-clan/loon-site/internal/storage/follows.go:153.17,155.3 1 0
github.com/the-loon-clan/loon-site/internal/storage/follows.go:156.2,163.83 2 1
github.com/the-loon-clan/loon-site/internal/storage/follows.go:163.83,165.3 1 0
github.com/the-loon-clan/loon-site/internal/storage/follows.go:166.2,167.25 2 1
github.com/the-loon-clan/loon-site/internal/storage/follows.go:167.25,169.3 1 1
github.com/the-loon-clan/loon-site/internal/storage/follows.go:170.2,170.12 1 1
github.com/the-loon-clan/loon-site/internal/storage/forumactivity.go:8.78,9.17 1 0
github.com/the-loon-clan/loon-site/internal/storage/forumactivity.go:9.17,11.3 1 0
github.com/the-loon-clan/loon-site/internal/storage/forumactivity.go:12.2,24.54 2 0
github.com/the-loon-clan/loon-site/internal/storage/forumactivity.go:24.54,26.3 1 0
github.com/the-loon-clan/loon-site/internal/storage/forumactivity.go:27.2,27.13 1 0
github.com/the-loon-clan/loon-site/internal/storage/forumactivity.go:35.77,36.17 1 0
github.com/the-loon-clan/loon-site/internal/storage/forumactivity.go:36.17,38.3 1 0
github.com/the-loon-clan/loon-site/internal/storage/forumactivity.go:39.2,58.54 2 0
github.com/the-loon-clan/loon-site/internal/storage/forumactivity.go:58.54,60.3 1 0
github.com/the-loon-clan/loon-site/internal/storage/forumactivity.go:61.2,61.13 1 0
github.com/the-loon-clan/loon-site/internal/storage/gifts.go:18.105,19.9 1 1
github.com/the-loon-clan/loon-site/internal/storage/gifts.go:20.22,21.21 1 0
github.com/the-loon-clan/loon-site/internal/storage/gifts.go:22.24,23.67 1 0
github.com/the-loon-clan/loon-site/internal/storage/gifts.go:24.24,25.82 1 0
github.com/the-loon-clan/loon-site/internal/storage/gifts.go:27.2,27.45 1 1
github.com/the-loon-clan/loon-site/internal/storage/gifts.go:27.45,31.3 1 0
github.com/the-loon-clan/loon-site/internal/storage/gifts.go:33.2,34.16 2 1
github.com/the-loon-clan/loon-site/internal/storage/gifts.go:34.16,36.3 1 0
github.com/the-loon-clan/loon-site/internal/storage/gifts.go:37.2,43.67 3 1
github.com/the-loon-clan/loon-site/internal/storage/gifts.go:43.67,44.36 1 0
github.com/the-loon-clan/loon-site/internal/storage/gifts.go:44.36,46.4 1 0
github.com/the-loon-clan/loon-site/internal/storage/gifts.go:47.3,47.48 1 0
github.com/the-loon-clan/loon-site/internal/storage/gifts.go:50.2,53.42 2 1
github.com/the-loon-clan/loon-site/internal/storage/gifts.go:53.42,57.3 1 0
github.com/the-loon-clan/loon-site/internal/storage/gifts.go:59.2,62.57 2 1
github.com/the-loon-clan/loon-site/internal/storage/gifts.go:62.57,64.3 1 0
github.com/the-loon-clan/loon-site/internal/storage/gifts.go:69.2,79.4 3 1
github.com/the-loon-clan/loon-site/internal/storage/gifts.go:79.4,83.74 1 1
github.com/the-loon-clan/loon-site/internal/storage/gifts.go:83.74,85.4 1 0
github.com/the-loon-clan/loon-site/internal/storage/gifts.go:87.2,87.36 1 1
github.com/the-loon-clan/loon-site/internal/storage/gifts.go:87.36,89.3 1 0
github.com/the-loon-clan/loon-site/internal/storage/gifts.go:90.2,90.12 1 1
github.com/the-loon-clan/loon-site/internal/storage/gifts.go:96.76,100.2 3 1
github.com/the-loon-clan/loon-site/internal/storage/gifts.go:103.84,104.17 1 1
github.com/the-loon-clan/loon-site/internal/storage/gifts.go:104.17,106.3 1 0
github.com/the-loon-clan/loon-site/internal/storage/gifts.go:107.2,119.42 2 1
github.com/the-loon-clan/loon-site/internal/storage/gifts.go:119.42,122.3 2 0
github.com/the-loon-clan/loon-site/internal/storage/gifts.go:123.2,123.13 1 1
github.com/the-loon-clan/loon-site/internal/storage/grabs.go:13.81,15.16 2 1
github.com/the-loon-clan/loon-site/internal/storage/grabs.go:15.16,17.3 1 1
github.com/the-loon-clan/loon-site/internal/storage/grabs.go:18.2,19.84 1 1
github.com/the-loon-clan/loon-site/internal/storage/grabs.go:25.84,26.26 1 1
github.com/the-loon-clan/loon-site/internal/storage/grabs.go:26.26,28.3 1 0
github.com/the-loon-clan/loon-site/internal/storage/grabs.go:29.2,31.32 3 1
github.com/the-loon-clan/loon-site/internal/storage/grabs.go:31.32,32.26 1 1
github.com/the-loon-clan/loon-site/internal/storage/grabs.go:32.26,35.4 2 1
github.com/the-loon-clan/loon-site/internal/storage/grabs.go:37.2,40.16 2 1
github.com/the-loon-clan/loon-site/internal/storage/grabs.go:40.16,42.3 1 0
github.com/the-loon-clan/loon-site/internal/storage/grabs.go:43.2,48.87 2 1
github.com/the-loon-clan/loon-site/internal/storage/grabs.go:48.87,50.3 1 0
github.com/the-loon-clan/loon-site/internal/storage/grabs.go:51.2,52.25 2 1
github.com/the-loon-clan/loon-site/internal/storage/grabs.go:52.25,54.3 1 1
github.com/the-loon-clan/loon-site/internal/storage/grabs.go:55.2,55.12 1 1
github.com/the-loon-clan/loon-site/internal/storage/grabs.go:65.94,74.55 2 0
github.com/the-loon-clan/loon-site/internal/storage/grabs.go:74.55,76.3 1 0
github.com/the-loon-clan/loon-site/internal/storage/grabs.go:77.2,79.25 3 0
github.com/the-loon-clan/loon-site/internal/storage/grabs.go:79.25,82.3 2 0
github.com/the-loon-clan/loon-site/internal/storage/grabs.go:83.2,83.20 1 0
github.com/the-loon-clan/loon-site/internal/storage/grabs.go:91.98,98.69 2 0
github.com/the-loon-clan/loon-site/internal/storage/grabs.go:98.69,100.3 1 0
github.com/the-loon-clan/loon-site/internal/storage/grabs.go:101.2,102.25 2 0
github.com/the-loon-clan/loon-site/internal/storage/grabs.go:102.25,104.3 1 0
github.com/the-loon-clan/loon-site/internal/storage/grabs.go:105.2,105.17 1 0
github.com/the-loon-clan/loon-site/internal/storage/invites.go:14.73,15.16 1 0
github.com/the-loon-clan/loon-site/internal/storage/invites.go:15.16,17.3 1 0
github.com/the-loon-clan/loon-site/internal/storage/invites.go:18.2,22.93 2 0
github.com/the-loon-clan/loon-site/internal/storage/invites.go:22.93,24.3 1 0
github.com/the-loon-clan/loon-site/internal/storage/invites.go:25.2,25.14 1 0
github.com/the-loon-clan/loon-site/internal/storage/invites.go:33.88,34.31 1 0
github.com/the-loon-clan/loon-site/internal/storage/invites.go:34.31,36.3 1 0
github.com/the-loon-clan/loon-site/internal/storage/invites.go:37.2,41.16 2 0
github.com/the-loon-clan/loon-site/internal/storage/invites.go:41.16,43.3 1 0
github.com/the-loon-clan/loon-site/internal/storage/invites.go:44.2,45.29 2 0
github.com/the-loon-clan/loon-site/internal/storage/invites.go:49.85,50.17 1 1
github.com/the-loon-clan/loon-site/internal/storage/invites.go:50.17,52.3 1 0
github.com/the-loon-clan/loon-site/internal/storage/invites.go:53.2,65.35 2 1
github.com/the-loon-clan/loon-site/internal/storage/invites.go:65.35,68.3 2 0
github.com/the-loon-clan/loon-site/internal/storage/invites.go:69.2,69.13 1 1
github.com/the-loon-clan/loon-site/internal/storage/invites.go:88.55,90.2 1 0
github.com/the-loon-clan/loon-site/internal/storage/invites.go:97.80,98.17 1 0
github.com/the-loon-clan/loon-site/internal/storage/invites.go:98.17,100.3 1 0
github.com/the-loon-clan/loon-site/internal/storage/invites.go:101.2,125.59 2 0
github.com/the-loon-clan/loon-site/internal/storage/invites.go:125.59,131.3 2 0
github.com/the-loon-clan/loon-site/internal/storage/invites.go:132.2,132.22 1 0
github.com/the-loon-clan/loon-site/internal/storage/invites.go:132.22,134.3 1 0
github.com/the-loon-clan/loon-site/internal/storage/invites.go:135.2,135.13 1 0
github.com/the-loon-clan/loon-site/internal/storage/invites.go:178.100,180.16 2 1
github.com/the-loon-clan/loon-site/internal/storage/invites.go:180.16,182.3 1 0
github.com/the-loon-clan/loon-site/internal/storage/invites.go:183.2,183.15 1 1
github.com/the-loon-clan/loon-site/internal/storage/invites.go:183.15,183.36 1 1
github.com/the-loon-clan/loon-site/internal/storage/invites.go:184.2,186.16 2 1
github.com/the-loon-clan/loon-site/internal/storage/invites.go:186.16,188.3 1 0
github.com/the-loon-clan/loon-site/internal/storage/invites.go:189.2,189.40 1 1
github.com/the-loon-clan/loon-site/internal/storage/invites.go:189.40,191.3 1 0
github.com/the-loon-clan/loon-site/internal/storage/invites.go:192.2,194.34 1 1
github.com/the-loon-clan/loon-site/internal/storage/invites.go:194.34,196.3 1 0
github.com/the-loon-clan/loon-site/internal/storage/invites.go:197.2,197.26 1 1
github.com/the-loon-clan/loon-site/internal/storage/migrate.go:44.45,51.4 1 1
github.com/the-loon-clan/loon-site/internal/storage/migrate.go:51.4,52.42 1 1
github.com/the-loon-clan/loon-site/internal/storage/migrate.go:52.42,54.4 1 0
github.com/the-loon-clan/loon-site/internal/storage/migrate.go:56.2,70.12 2 1
github.com/the-loon-clan/loon-site/internal/storage/migrate.go:75.43,83.4 1 0
github.com/the-loon-clan/loon-site/internal/storage/migrate.go:83.4,84.42 1 0
github.com/the-loon-clan/loon-site/internal/storage/migrate.go:84.42,86.4 1 0
github.com/the-loon-clan/loon-site/internal/storage/migrate.go:88.2,88.12 1 0
github.com/the-loon-clan/loon-site/internal/storage/migrate.go:92.43,108.26 2 1
github.com/the-loon-clan/loon-site/internal/storage/migrate.go:108.26,109.42 1 1
github.com/the-loon-clan/loon-site/internal/storage/migrate.go:109.42,111.4 1 0
github.com/the-loon-clan/loon-site/internal/storage/migrate.go:113.2,113.12 1 1
github.com/the-loon-clan/loon-site/internal/storage/migrate.go:118.45,235.26 2 0
github.com/the-loon-clan/loon-site/internal/storage/migrate.go:235.26,236.42 1 0
github.com/the-loon-clan/loon-site/internal/storage/migrate.go:236.42,238.4 1 0
github.com/the-loon-clan/loon-site/internal/storage/migrate.go:240.2,240.12 1 0
github.com/the-loon-clan/loon-site/internal/storage/migrate.go:244.46,279.26 2 0
github.com/the-loon-clan/loon-site/internal/storage/migrate.go:279.26,280.42 1 0
github.com/the-loon-clan/loon-site/internal/storage/migrate.go:280.42,282.4 1 0
github.com/the-loon-clan/loon-site/internal/storage/migrate.go:284.2,284.12 1 0
github.com/the-loon-clan/loon-site/internal/storage/migrate.go:294.43,346.26 2 0
github.com/the-loon-clan/loon-site/internal/storage/migrate.go:346.26,347.42 1 0
github.com/the-loon-clan/loon-site/internal/storage/migrate.go:347.42,349.4 1 0
github.com/the-loon-clan/loon-site/internal/storage/migrate.go:351.2,351.12 1 0
github.com/the-loon-clan/loon-site/internal/storage/migrate.go:355.41,374.26 2 1
github.com/the-loon-clan/loon-site/internal/storage/migrate.go:374.26,375.42 1 1
github.com/the-loon-clan/loon-site/internal/storage/migrate.go:375.42,377.4 1 0
github.com/the-loon-clan/loon-site/internal/storage/migrate.go:379.2,379.12 1 1
github.com/the-loon-clan/loon-site/internal/storage/migrate.go:385.39,441.26 2 0
github.com/the-loon-clan/loon-site/internal/storage/migrate.go:441.26,442.42 1 0
github.com/the-loon-clan/loon-site/internal/storage/migrate.go:442.42,444.4 1 0
github.com/the-loon-clan/loon-site/internal/storage/migrate.go:446.2,446.12 1 0
github.com/the-loon-clan/loon-site/internal/storage/migrate.go:450.39,463.26 2 1
github.com/the-loon-clan/loon-site/internal/storage/migrate.go:463.26,464.42 1 1
github.com/the-loon-clan/loon-site/internal/storage/migrate.go:464.42,466.4 1 0
github.com/the-loon-clan/loon-site/internal/storage/migrate.go:468.2,468.12 1 1
github.com/the-loon-clan/loon-site/internal/storage/migrate.go:473.39,489.26 2 1
github.com/the-loon-clan/loon-site/internal/storage/migrate.go:489.26,490.42 1 1
github.com/the-loon-clan/loon-site/internal/storage/migrate.go:490.42,492.4 1 0
github.com/the-loon-clan/loon-site/internal/storage/migrate.go:494.2,494.12 1 1
github.com/the-loon-clan/loon-site/internal/storage/migrate.go:499.45,513.26 2 1
github.com/the-loon-clan/loon-site/internal/storage/migrate.go:513.26,514.42 1 1
github.com/the-loon-clan/loon-site/internal/storage/migrate.go:514.42,516.4 1 0
github.com/the-loon-clan/loon-site/internal/storage/migrate.go:518.2,518.12 1 1
github.com/the-loon-clan/loon-site/internal/storage/migrate.go:522.41,526.2 2 1
github.com/the-loon-clan/loon-site/internal/storage/migrate.go:531.42,595.26 2 0
github.com/the-loon-clan/loon-site/internal/storage/migrate.go:595.26,596.42 1 0
github.com/the-loon-clan/loon-site/internal/storage/migrate.go:596.42,598.4 1 0
github.com/the-loon-clan/loon-site/internal/storage/migrate.go:600.2,600.12 1 0
github.com/the-loon-clan/loon-site/internal/storage/migrate.go:605.38,621.26 2 0
github.com/the-loon-clan/loon-site/internal/storage/migrate.go:621.26,622.42 1 0
github.com/the-loon-clan/loon-site/internal/storage/migrate.go:622.42,624.4 1 0
github.com/the-loon-clan/loon-site/internal/storage/migrate.go:626.2,626.12 1 0
github.com/the-loon-clan/loon-site/internal/storage/migrate.go:630.40,651.26 2 1
github.com/the-loon-clan/loon-site/internal/storage/migrate.go:651.26,652.42 1 1
github.com/the-loon-clan/loon-site/internal/storage/migrate.go:652.42,654.4 1 0
github.com/the-loon-clan/loon-site/internal/storage/migrate.go:656.2,656.12 1 1
github.com/the-loon-clan/loon-site/internal/storage/migrate.go:660.42,663.2 2 0
github.com/the-loon-clan/loon-site/internal/storage/migrate.go:667.44,670.2 2 1
github.com/the-loon-clan/loon-site/internal/storage/migrate.go:673.42,701.26 2 1
github.com/the-loon-clan/loon-site/internal/storage/migrate.go:701.26,702.42 1 1
github.com/the-loon-clan/loon-site/internal/storage/migrate.go:702.42,704.4 1 0
github.com/the-loon-clan/loon-site/internal/storage/migrate.go:706.2,706.12 1 1
github.com/the-loon-clan/loon-site/internal/storage/migrate.go:710.42,723.26 2 1
github.com/the-loon-clan/loon-site/internal/storage/migrate.go:723.26,724.42 1 1
github.com/the-loon-clan/loon-site/internal/storage/migrate.go:724.42,726.4 1 0
github.com/the-loon-clan/loon-site/internal/storage/migrate.go:728.2,728.12 1 1
github.com/the-loon-clan/loon-site/internal/storage/migrate.go:733.41,772.26 2 0
github.com/the-loon-clan/loon-site/internal/storage/migrate.go:772.26,773.42 1 0
github.com/the-loon-clan/loon-site/internal/storage/migrate.go:773.42,775.4 1 0
github.com/the-loon-clan/loon-site/internal/storage/migrate.go:777.2,777.12 1 0
github.com/the-loon-clan/loon-site/internal/storage/migrate.go:781.38,798.26 2 0
github.com/the-loon-clan/loon-site/internal/storage/migrate.go:798.26,799.42 1 0
github.com/the-loon-clan/loon-site/internal/storage/migrate.go:799.42,801.4 1 0
github.com/the-loon-clan/loon-site/internal/storage/migrate.go:803.2,803.12 1 0
github.com/the-loon-clan/loon-site/internal/storage/migrate.go:807.41,835.26 2 0
github.com/the-loon-clan/loon-site/internal/storage/migrate.go:835.26,836.42 1 0
github.com/the-loon-clan/loon-site/internal/storage/migrate.go:836.42,838.4 1 0
github.com/the-loon-clan/loon-site/internal/storage/migrate.go:840.2,840.12 1 0
github.com/the-loon-clan/loon-site/internal/storage/migrate.go:846.38,876.26 2 0
github.com/the-loon-clan/loon-site/internal/storage/migrate.go:876.26,877.42 1 0
github.com/the-loon-clan/loon-site/internal/storage/migrate.go:877.42,879.4 1 0
github.com/the-loon-clan/loon-site/internal/storage/migrate.go:881.2,881.12 1 0
github.com/the-loon-clan/loon-site/internal/storage/migrate.go:885.42,900.26 2 1
github.com/the-loon-clan/loon-site/internal/storage/migrate.go:900.26,901.42 1 1
github.com/the-loon-clan/loon-site/internal/storage/migrate.go:901.42,903.4 1 0
github.com/the-loon-clan/loon-site/internal/storage/migrate.go:905.2,905.12 1 1
github.com/the-loon-clan/loon-site/internal/storage/migrate.go:921.46,927.2 2 1
github.com/the-loon-clan/loon-site/internal/storage/security.go:33.79,39.84 2 1
github.com/the-loon-clan/loon-site/internal/storage/security.go:39.84,41.3 1 0
github.com/the-loon-clan/loon-site/internal/storage/security.go:42.2,43.17 2 1
github.com/the-loon-clan/loon-site/internal/storage/security.go:43.17,46.3 1 0
github.com/the-loon-clan/loon-site/internal/storage/security.go:47.2,47.12 1 1
github.com/the-loon-clan/loon-site/internal/storage/security.go:51.71,55.2 3 0
github.com/the-loon-clan/loon-site/internal/storage/security.go:61.89,65.2 2 1
github.com/the-loon-clan/loon-site/internal/storage/security.go:71.70,76.2 2 0
github.com/the-loon-clan/loon-site/internal/storage/security.go:79.76,83.2 2 0
github.com/the-loon-clan/loon-site/internal/storage/security.go:89.71,92.23 1 0
github.com/the-loon-clan/loon-site/internal/storage/security.go:92.23,94.3 1 0
github.com/the-loon-clan/loon-site/internal/storage/security.go:95.2,97.12 2 0
github.com/the-loon-clan/loon-site/internal/storage/security.go:110.97,115.2 3 1
github.com/the-loon-clan/loon-site/internal/storage/security.go:124.72,127.16 2 1
github.com/the-loon-clan/loon-site/internal/storage/security.go:127.16,129.3 1 0
github.com/the-loon-clan/loon-site/internal/storage/security.go:130.2,131.15 2 1
github.com/the-loon-clan/loon-site/internal/storage/security.go:138.97,140.16 2 1
github.com/the-loon-clan/loon-site/internal/storage/security.go:140.16,142.3 1 0
github.com/the-loon-clan/loon-site/internal/storage/security.go:143.2,143.15 1 1
github.com/the-loon-clan/loon-site/internal/storage/security.go:143.15,143.36 1 1
github.com/the-loon-clan/loon-site/internal/storage/security.go:144.2,145.77 1 1
github.com/the-loon-clan/loon-site/internal/storage/security.go:145.77,147.3 1 0
github.com/the-loon-clan/loon-site/internal/storage/security.go:148.2,148.27 1 1
github.com/the-loon-clan/loon-site/internal/storage/security.go:148.27,150.98 1 1
github.com/the-loon-clan/loon-site/internal/storage/security.go:150.98,152.4 1 0
github.com/the-loon-clan/loon-site/internal/storage/security.go:154.2,154.20 1 1
github.com/the-loon-clan/loon-site/internal/storage/security.go:162.108,170.54 2 0
github.com/the-loon-clan/loon-site/internal/storage/security.go:170.54,172.3 1 0
github.com/the-loon-clan/loon-site/internal/storage/security.go:173.2,173.36 1 0
github.com/the-loon-clan/loon-site/internal/storage/security.go:177.90,181.2 2 0
github.com/the-loon-clan/loon-site/internal/storage/security.go:187.83,191.2 2 0
github.com/the-loon-clan/loon-site/internal/storage/security.go:199.78,201.106 2 0
github.com/the-loon-clan/loon-site/internal/storage/security.go:201.106,203.3 1 0
github.com/the-loon-clan/loon-site/internal/storage/security.go:204.2,204.17 1 0
github.com/the-loon-clan/loon-site/internal/storage/security.go:212.112,217.2 2 0
github.com/the-loon-clan/loon-site/internal/storage/settings.go:9.75,12.91 2 1
github.com/the-loon-clan/loon-site/internal/storage/settings.go:12.91,14.3 1 0
github.com/the-loon-clan/loon-site/internal/storage/settings.go:15.2,15.16 1 1
github.com/the-loon-clan/loon-site/internal/storage/settings.go:19.91,23.2 2 1
github.com/the-loon-clan/loon-site/internal/storage/settings.go:31.106,37.2 2 0
github.com/the-loon-clan/loon-site/internal/storage/settings.go:44.68,47.76 2 1
github.com/the-loon-clan/loon-site/internal/storage/settings.go:47.76,49.3 1 0
github.com/the-loon-clan/loon-site/internal/storage/settings.go:50.2,50.12 1 1
github.com/the-loon-clan/loon-site/internal/storage/settings.go:54.78,57.2 2 1
github.com/the-loon-clan/loon-site/internal/storage/settings.go:64.85,68.23 2 0
github.com/the-loon-clan/loon-site/internal/storage/settings.go:68.23,70.3 1 0
github.com/the-loon-clan/loon-site/internal/storage/settings.go:71.2,71.22 1 0
github.com/the-loon-clan/loon-site/internal/storage/store.go:35.30,36.15 1 1
github.com/the-loon-clan/loon-site/internal/storage/store.go:36.15,37.44 1 1
github.com/the-loon-clan/loon-site/internal/storage/store.go:39.2,39.29 1 1
github.com/the-loon-clan/loon-site/internal/storage/store.go:48.28,48.44 1 0
github.com/the-loon-clan/loon-site/internal/storage/subscriptions.go:9.89,10.17 1 0
github.com/the-loon-clan/loon-site/internal/storage/subscriptions.go:10.17,12.3 1 0
github.com/the-loon-clan/loon-site/internal/storage/subscriptions.go:13.2,26.53 2 0
github.com/the-loon-clan/loon-site/internal/storage/subscriptions.go:26.53,33.3 2 0
github.com/the-loon-clan/loon-site/internal/storage/subscriptions.go:34.2,34.13 1 0
github.com/the-loon-clan/loon-site/internal/storage/subscriptions.go:42.99,43.17 1 0
github.com/the-loon-clan/loon-site/internal/storage/subscriptions.go:43.17,45.3 1 0
github.com/the-loon-clan/loon-site/internal/storage/subscriptions.go:46.2,56.42 2 0
github.com/the-loon-clan/loon-site/internal/storage/subscriptions.go:56.42,59.3 2 0
github.com/the-loon-clan/loon-site/internal/storage/subscriptions.go:60.2,60.13 1 0
github.com/the-loon-clan/loon-site/internal/storage/subscriptions.go:73.65,75.2 1 0
github.com/the-loon-clan/loon-site/internal/storage/tracker.go:62.40,63.23 1 1
github.com/the-loon-clan/loon-site/internal/storage/tracker.go:63.23,64.22 1 1
github.com/the-loon-clan/loon-site/internal/storage/tracker.go:64.22,66.4 1 1
github.com/the-loon-clan/loon-site/internal/storage/tracker.go:67.3,67.29 1 1
github.com/the-loon-clan/loon-site/internal/storage/tracker.go:69.2,69.52 1 1
github.com/the-loon-clan/loon-site/internal/storage/tracker.go:77.44,78.23 1 1
github.com/the-loon-clan/loon-site/internal/storage/tracker.go:78.23,79.22 1 1
github.com/the-loon-clan/loon-site/internal/storage/tracker.go:79.22,81.4 1 1
github.com/the-loon-clan/loon-site/internal/storage/tracker.go:82.3,82.15 1 1
github.com/the-loon-clan/loon-site/internal/storage/tracker.go:84.2,84.39 1 1
github.com/the-loon-clan/loon-site/internal/storage/tracker.go:98.93,100.45 2 1
github.com/the-loon-clan/loon-site/internal/storage/tracker.go:100.45,102.3 1 1
github.com/the-loon-clan/loon-site/internal/storage/tracker.go:103.2,124.29 3 0
github.com/the-loon-clan/loon-site/internal/storage/tracker.go:124.29,126.3 1 0
github.com/the-loon-clan/loon-site/internal/storage/tracker.go:127.2,127.16 1 0
github.com/the-loon-clan/loon-site/internal/storage/tracker.go:150.85,152.30 2 0
github.com/the-loon-clan/loon-site/internal/storage/tracker.go:152.30,154.3 1 0
github.com/the-loon-clan/loon-site/internal/storage/tracker.go:155.2,162.35 2 0
github.com/the-loon-clan/loon-site/internal/storage/tracker.go:162.35,164.3 1 0
github.com/the-loon-clan/loon-site/internal/storage/tracker.go:165.2,171.16 3 0
github.com/the-loon-clan/loon-site/internal/storage/tracker.go:192.94,193.54 1 0
github.com/the-loon-clan/loon-site/internal/storage/tracker.go:193.54,195.3 1 0
github.com/the-loon-clan/loon-site/internal/storage/tracker.go:196.2,198.32 3 0
github.com/the-loon-clan/loon-site/internal/storage/tracker.go:198.32,199.26 1 0
github.com/the-loon-clan/loon-site/internal/storage/tracker.go:199.26,202.4 2 0
github.com/the-loon-clan/loon-site/internal/storage/tracker.go:204.2,204.19 1 0
github.com/the-loon-clan/loon-site/internal/storage/tracker.go:204.19,206.3 1 0
github.com/the-loon-clan/loon-site/internal/storage/tracker.go:211.2,216.16 2 0
github.com/the-loon-clan/loon-site/internal/storage/tracker.go:216.16,218.3 1 0
github.com/the-loon-clan/loon-site/internal/storage/tracker.go:219.2,227.87 2 0
github.com/the-loon-clan/loon-site/internal/storage/tracker.go:227.87,229.3 1 0
github.com/the-loon-clan/loon-site/internal/storage/tracker.go:230.2,231.25 2 0
github.com/the-loon-clan/loon-site/internal/storage/tracker.go:231.25,236.3 1 0
github.com/the-loon-clan/loon-site/internal/storage/tracker.go:237.2,237.12 1 0
github.com/the-loon-clan/loon-site/internal/storage/tracker.go:248.94,250.48 2 1
github.com/the-loon-clan/loon-site/internal/storage/tracker.go:250.48,252.3 1 1
github.com/the-loon-clan/loon-site/internal/storage/tracker.go:253.2,260.16 2 0
github.com/the-loon-clan/loon-site/internal/storage/tracker.go:260.16,262.3 1 0
github.com/the-loon-clan/loon-site/internal/storage/tracker.go:263.2,263.16 1 0
github.com/the-loon-clan/loon-site/internal/storage/widgets.go:24.87,28.69 2 0
github.com/the-loon-clan/loon-site/internal/storage/widgets.go:28.69,30.3 1 0
github.com/the-loon-clan/loon-site/internal/storage/widgets.go:31.2,31.13 1 0
github.com/the-loon-clan/loon-site/internal/storage/widgets.go:41.86,45.51 2 0
github.com/the-loon-clan/loon-site/internal/storage/widgets.go:45.51,47.3 1 0
github.com/the-loon-clan/loon-site/internal/storage/widgets.go:48.2,48.20 1 0
github.com/the-loon-clan/loon-site/internal/storage/widgets.go:48.20,50.3 1 0
github.com/the-loon-clan/loon-site/internal/storage/widgets.go:54.2,55.25 2 0
github.com/the-loon-clan/loon-site/internal/storage/widgets.go:55.25,57.3 1 0
github.com/the-loon-clan/loon-site/internal/storage/widgets.go:58.2,58.12 1 0
github.com/the-loon-clan/loon-site/internal/storage/widgets.go:67.78,73.2 2 0
github.com/the-loon-clan/loon-site/internal/storage/widgets.go:76.79,80.2 2 0
github.com/the-loon-clan/loon-site/internal/storage/widgets.go:86.79,90.2 2 0
github.com/the-loon-clan/loon-site/internal/storage/widgets.go:98.90,102.2 2 0
github.com/the-loon-clan/loon-site/internal/storage/widgets.go:110.91,112.16 2 0
github.com/the-loon-clan/loon-site/internal/storage/widgets.go:112.16,114.3 1 0
github.com/the-loon-clan/loon-site/internal/storage/widgets.go:115.2,115.15 1 0
github.com/the-loon-clan/loon-site/internal/storage/widgets.go:115.15,115.36 1 0
github.com/the-loon-clan/loon-site/internal/storage/widgets.go:116.2,116.29 1 0
github.com/the-loon-clan/loon-site/internal/storage/widgets.go:116.29,119.33 1 0
github.com/the-loon-clan/loon-site/internal/storage/widgets.go:119.33,121.4 1 0
github.com/the-loon-clan/loon-site/internal/storage/widgets.go:123.2,123.20 1 0
github.com/the-loon-clan/loon-site/internal/storage/wishlist.go:12.93,17.14 2 1
github.com/the-loon-clan/loon-site/internal/storage/wishlist.go:17.14,19.3 1 0
github.com/the-loon-clan/loon-site/internal/storage/wishlist.go:20.2,38.38 2 1
github.com/the-loon-clan/loon-site/internal/storage/wishlist.go:38.38,41.3 2 0
github.com/the-loon-clan/loon-site/internal/storage/wishlist.go:42.2,42.13 1 1
github.com/the-loon-clan/loon-site/internal/storage/wishlist.go:59.73,64.2 3 0
github.com/the-loon-clan/loon-site/internal/storage/wishlist.go:67.57,71.2 3 0
github.com/the-loon-clan/loon-site/internal/storage/wishlist.go:77.87,82.2 2 1
github.com/the-loon-clan/loon-site/internal/storage/wishlist.go:90.74,94.2 2 1
github.com/the-loon-clan/loon-site/internal/storage/wishlist.go:97.74,101.2 2 0
github.com/the-loon-clan/loon-site/internal/storage/wishlist.go:104.72,108.2 2 0
github.com/the-loon-clan/loon-site/cmd/loonsite/main.go:42.35,45.16 3 0
github.com/the-loon-clan/loon-site/cmd/loonsite/main.go:45.16,48.3 2 0
github.com/the-loon-clan/loon-site/cmd/loonsite/main.go:49.2,49.15 1 0
github.com/the-loon-clan/loon-site/cmd/loonsite/main.go:49.15,49.40 1 0
github.com/the-loon-clan/loon-site/cmd/loonsite/main.go:50.2,50.38 1 0
github.com/the-loon-clan/loon-site/cmd/loonsite/main.go:50.38,53.3 2 0
github.com/the-loon-clan/loon-site/cmd/loonsite/main.go:54.2,54.10 1 0
github.com/the-loon-clan/loon-site/cmd/loonsite/main.go:57.13,65.12 4 0
github.com/the-loon-clan/loon-site/cmd/loonsite/main.go:65.12,67.3 1 0
github.com/the-loon-clan/loon-site/cmd/loonsite/main.go:68.2,68.17 1 0
github.com/the-loon-clan/loon-site/plugins/guestbook/plugin.go:30.46,32.62 2 0
github.com/the-loon-clan/loon-site/plugins/guestbook/plugin.go:32.62,34.3 1 0
github.com/the-loon-clan/loon-site/plugins/guestbook/plugin.go:35.2,35.18 1 0
github.com/the-loon-clan/loon-site/plugins/guestbook/plugin.go:41.13,42.54 1 0
github.com/the-loon-clan/loon-site/plugins/guestbook/plugin.go:42.54,42.74 1 0
github.com/the-loon-clan/loon-site/plugins/guestbook/plugin.go:58.43,77.2 1 0
github.com/the-loon-clan/loon-site/plugins/guestbook/plugin.go:79.48,82.65 3 0
github.com/the-loon-clan/loon-site/plugins/guestbook/plugin.go:82.65,84.3 1 0
github.com/the-loon-clan/loon-site/plugins/guestbook/plugin.go:89.2,89.46 1 0
github.com/the-loon-clan/loon-site/plugins/guestbook/plugin.go:89.46,91.15 2 0
github.com/the-loon-clan/loon-site/plugins/guestbook/plugin.go:91.15,93.4 1 0
github.com/the-loon-clan/loon-site/plugins/guestbook/plugin.go:94.3,102.44 5 0
github.com/the-loon-clan/loon-site/plugins/guestbook/plugin.go:102.44,104.4 1 0
github.com/the-loon-clan/loon-site/plugins/guestbook/plugin.go:110.2,111.12 2 0
github.com/the-loon-clan/loon-site/plugins/guestbook/plugin.go:114.51,117.26 1 0
github.com/the-loon-clan/loon-site/plugins/guestbook/plugin.go:117.26,117.48 1 0
github.com/the-loon-clan/loon-site/plugins/guestbook/plugin.go:123.2,123.59 1 0
github.com/the-loon-clan/loon-site/plugins/guestbook/plugin.go:123.59,125.3 1 0
github.com/the-loon-clan/loon-site/plugins/guestbook/plugin.go:126.2,126.12 1 0
github.com/the-loon-clan/loon-site/plugins/guestbook/plugin.go:129.48,131.16 2 0
github.com/the-loon-clan/loon-site/plugins/guestbook/plugin.go:131.16,134.3 2 0
github.com/the-loon-clan/loon-site/plugins/guestbook/plugin.go:135.2,135.44 1 0
github.com/the-loon-clan/loon-site/plugins/guestbook/plugin.go:138.50,138.64 1 0
github.com/the-loon-clan/loon-site/plugins/guestbook/plugin.go:147.39,149.66 2 0
github.com/the-loon-clan/loon-site/plugins/guestbook/plugin.go:149.66,152.3 1 0
github.com/the-loon-clan/loon-site/plugins/guestbook/plugin.go:153.2,153.16 1 0
github.com/the-loon-clan/loon-site/plugins/guestbook/plugin.go:153.16,156.3 2 0
github.com/the-loon-clan/loon-site/plugins/guestbook/plugin.go:157.2,157.62 1 0
github.com/the-loon-clan/loon-site/plugins/guestbook/plugin.go:160.39,165.47 3 0
github.com/the-loon-clan/loon-site/plugins/guestbook/plugin.go:165.47,168.3 2 0
github.com/the-loon-clan/loon-site/plugins/guestbook/plugin.go:169.2,170.9 2 0
github.com/the-loon-clan/loon-site/plugins/guestbook/plugin.go:170.9,173.3 2 0
github.com/the-loon-clan/loon-site/plugins/guestbook/plugin.go:175.2,176.50 2 0
github.com/the-loon-clan/loon-site/plugins/guestbook/plugin.go:176.50,180.3 2 0
github.com/the-loon-clan/loon-site/plugins/guestbook/plugin.go:181.2,181.16 1 0
github.com/the-loon-clan/loon-site/plugins/guestbook/plugin.go:181.16,184.3 2 0
github.com/the-loon-clan/loon-site/plugins/guestbook/plugin.go:186.2,188.16 2 0
github.com/the-loon-clan/loon-site/plugins/guestbook/plugin.go:188.16,190.3 1 0
github.com/the-loon-clan/loon-site/plugins/guestbook/plugin.go:194.2,203.69 2 0
github.com/the-loon-clan/loon-site/plugins/guestbook/plugin.go:206.58,208.50 2 0
github.com/the-loon-clan/loon-site/plugins/guestbook/plugin.go:208.50,210.3 1 0
github.com/the-loon-clan/loon-site/plugins/guestbook/plugin.go:211.2,211.15 1 0
github.com/the-loon-clan/loon-site/plugins/guestbook/views.go:45.52,55.2 1 0
github.com/the-loon-clan/loon-site/plugins/guestbook/views.go:57.68,59.66 2 0
github.com/the-loon-clan/loon-site/plugins/guestbook/views.go:59.66,62.3 1 0
github.com/the-loon-clan/loon-site/plugins/guestbook/views.go:63.2,63.16 1 0
github.com/the-loon-clan/loon-site/plugins/guestbook/views.go:63.16,65.3 1 0
github.com/the-loon-clan/loon-site/plugins/guestbook/views.go:66.2,72.17 2 0
github.com/the-loon-clan/loon-site/plugins/guestbook/views.go:72.17,74.3 1 0
github.com/the-loon-clan/loon-site/plugins/guestbook/views.go:75.2,75.41 1 0
github.com/the-loon-clan/loon-site/plugins/guestbook/views.go:80.68,82.9 2 0
github.com/the-loon-clan/loon-site/plugins/guestbook/views.go:82.9,85.3 2 0
github.com/the-loon-clan/loon-site/plugins/guestbook/views.go:86.2,87.9 2 0
github.com/the-loon-clan/loon-site/plugins/guestbook/views.go:87.9,90.3 2 0
github.com/the-loon-clan/loon-site/plugins/guestbook/views.go:92.2,93.50 2 0
github.com/the-loon-clan/loon-site/plugins/guestbook/views.go:93.50,97.3 2 0
github.com/the-loon-clan/loon-site/plugins/guestbook/views.go:98.2,98.16 1 0
github.com/the-loon-clan/loon-site/plugins/guestbook/views.go:98.16,100.3 1 0
github.com/the-loon-clan/loon-site/plugins/guestbook/views.go:101.2,102.66 1 0
github.com/the-loon-clan/loon-site/plugins/guestbook/views.go:102.66,104.3 1 0
github.com/the-loon-clan/loon-site/plugins/guestbook/views.go:105.2,112.16 3 0
github.com/the-loon-clan/loon-site/web/handlers/access_web.go:69.13,72.2 2 1
github.com/the-loon-clan/loon-site/web/handlers/access_web.go:75.32,77.13 2 1
github.com/the-loon-clan/loon-site/web/handlers/access_web.go:77.13,79.3 1 1
github.com/the-loon-clan/loon-site/web/handlers/access_web.go:80.2,80.10 1 1
github.com/the-loon-clan/loon-site/web/handlers/access_web.go:84.28,86.13 2 1
github.com/the-loon-clan/loon-site/web/handlers/access_web.go:86.13,88.3 1 1
github.com/the-loon-clan/loon-site/web/handlers/access_web.go:89.2,89.10 1 1
github.com/the-loon-clan/loon-site/web/handlers/access_web.go:96.69,98.76 2 1
github.com/the-loon-clan/loon-site/web/handlers/access_web.go:98.76,100.3 1 0
github.com/the-loon-clan/loon-site/web/handlers/access_web.go:100.8,100.20 1 1
github.com/the-loon-clan/loon-site/web/handlers/access_web.go:100.20,102.3 1 0
github.com/the-loon-clan/loon-site/web/handlers/access_web.go:103.2,103.72 1 1
github.com/the-loon-clan/loon-site/web/handlers/access_web.go:103.72,105.3 1 0
github.com/the-loon-clan/loon-site/web/handlers/access_web.go:105.8,105.20 1 1
github.com/the-loon-clan/loon-site/web/handlers/access_web.go:105.20,107.3 1 0
github.com/the-loon-clan/loon-site/web/handlers/access_web.go:108.2,108.12 1 1
github.com/the-loon-clan/loon-site/web/handlers/access_web.go:112.72,113.44 1 1
github.com/the-loon-clan/loon-site/web/handlers/access_web.go:113.44,118.3 1 1
github.com/the-loon-clan/loon-site/web/handlers/access_web.go:119.2,119.78 1 0
github.com/the-loon-clan/loon-site/web/handlers/access_web.go:119.78,121.3 1 0
github.com/the-loon-clan/loon-site/web/handlers/access_web.go:122.2,122.77 1 0
github.com/the-loon-clan/loon-site/web/handlers/access_web.go:122.77,124.3 1 0
github.com/the-loon-clan/loon-site/web/handlers/access_web.go:125.2,127.12 3 0
github.com/the-loon-clan/loon-site/web/handlers/access_web.go:130.30,132.2 1 1
github.com/the-loon-clan/loon-site/web/handlers/access_web.go:134.33,136.2 1 1
github.com/the-loon-clan/loon-site/web/handlers/access_web.go:148.34,149.11 1 1
github.com/the-loon-clan/loon-site/web/handlers/access_web.go:151.45,152.14 1 1
github.com/the-loon-clan/loon-site/web/handlers/access_web.go:162.2,165.35 1 1
github.com/the-loon-clan/loon-site/web/handlers/access_web.go:174.56,175.30 1 0
github.com/the-loon-clan/loon-site/web/handlers/access_web.go:175.30,178.56 2 0
github.com/the-loon-clan/loon-site/web/handlers/access_web.go:178.56,182.4 3 0
github.com/the-loon-clan/loon-site/web/handlers/access_web.go:183.3,183.11 1 0
github.com/the-loon-clan/loon-site/web/handlers/access_web.go:197.97,198.61 1 1
github.com/the-loon-clan/loon-site/web/handlers/access_web.go:198.61,200.3 1 1
github.com/the-loon-clan/loon-site/web/handlers/access_web.go:204.2,204.60 1 1
github.com/the-loon-clan/loon-site/web/handlers/access_web.go:213.41,215.37 2 1
github.com/the-loon-clan/loon-site/web/handlers/access_web.go:215.37,218.3 2 1
github.com/the-loon-clan/loon-site/web/handlers/access_web.go:222.2,235.11 1 1
github.com/the-loon-clan/loon-site/web/handlers/accessadmin_web.go:72.36,74.33 2 1
github.com/the-loon-clan/loon-site/web/handlers/accessadmin_web.go:74.33,76.10 2 1
github.com/the-loon-clan/loon-site/web/handlers/accessadmin_web.go:77.44,78.22 1 1
github.com/the-loon-clan/loon-site/web/handlers/accessadmin_web.go:79.55,80.23 1 1
github.com/the-loon-clan/loon-site/web/handlers/accessadmin_web.go:81.28,86.20 2 1
github.com/the-loon-clan/loon-site/web/handlers/accessadmin_web.go:86.20,88.5 1 1
github.com/the-loon-clan/loon-site/web/handlers/accessadmin_web.go:89.40,90.24 1 1
github.com/the-loon-clan/loon-site/web/handlers/accessadmin_web.go:91.11,92.23 1 1
github.com/the-loon-clan/loon-site/web/handlers/accessadmin_web.go:94.3,94.23 1 1
github.com/the-loon-clan/loon-site/web/handlers/accessadmin_web.go:96.2,96.44 1 1
github.com/the-loon-clan/loon-site/web/handlers/accessadmin_web.go:96.44,96.84 1 1
github.com/the-loon-clan/loon-site/web/handlers/accessadmin_web.go:97.2,97.12 1 1
github.com/the-loon-clan/loon-site/web/handlers/accessadmin_web.go:102.33,103.129 1 1
github.com/the-loon-clan/loon-site/web/handlers/accessadmin_web.go:103.129,104.32 1 1
github.com/the-loon-clan/loon-site/web/handlers/accessadmin_web.go:104.32,106.4 1 1
github.com/the-loon-clan/loon-site/web/handlers/accessadmin_web.go:108.2,108.14 1 1
github.com/the-loon-clan/loon-site/web/handlers/accessadmin_web.go:112.43,121.2 1 0
github.com/the-loon-clan/loon-site/web/handlers/accessadmin_web.go:124.47,128.77 4 0
github.com/the-loon-clan/loon-site/web/handlers/accessadmin_web.go:128.77,132.3 3 0
github.com/the-loon-clan/loon-site/web/handlers/accessadmin_web.go:133.2,134.55 2 0
github.com/the-loon-clan/loon-site/web/handlers/achievements_web.go:36.57,37.11 1 0
github.com/the-loon-clan/loon-site/web/handlers/achievements_web.go:38.35,39.20 1 0
github.com/the-loon-clan/loon-site/web/handlers/achievements_web.go:40.34,41.17 1 0
github.com/the-loon-clan/loon-site/web/handlers/achievements_web.go:43.2,43.15 1 0
github.com/the-loon-clan/loon-site/web/handlers/achievements_web.go:47.48,49.9 2 1
github.com/the-loon-clan/loon-site/web/handlers/achievements_web.go:49.9,51.3 1 0
github.com/the-loon-clan/loon-site/web/handlers/achievements_web.go:53.2,62.27 2 1
github.com/the-loon-clan/loon-site/web/handlers/achievements_web.go:62.27,66.3 3 1
github.com/the-loon-clan/loon-site/web/handlers/achievements_web.go:68.2,69.16 2 0
github.com/the-loon-clan/loon-site/web/handlers/achievements_web.go:69.16,74.3 4 0
github.com/the-loon-clan/loon-site/web/handlers/achievements_web.go:76.2,77.25 2 0
github.com/the-loon-clan/loon-site/web/handlers/achievements_web.go:77.25,84.27 2 0
github.com/the-loon-clan/loon-site/web/handlers/achievements_web.go:84.27,86.4 1 0
github.com/the-loon-clan/loon-site/web/handlers/achievements_web.go:87.3,87.18 1 0
github.com/the-loon-clan/loon-site/web/handlers/achievements_web.go:88.36,89.34 1 0
github.com/the-loon-clan/loon-site/web/handlers/achievements_web.go:90.35,91.32 1 0
github.com/the-loon-clan/loon-site/web/handlers/achievements_web.go:95.2,107.40 9 0
github.com/the-loon-clan/loon-site/web/handlers/achievements_web.go:127.98,128.42 1 1
github.com/the-loon-clan/loon-site/web/handlers/achievements_web.go:128.42,130.3 1 1
github.com/the-loon-clan/loon-site/web/handlers/achievements_web.go:131.2,132.16 2 0
github.com/the-loon-clan/loon-site/web/handlers/achievements_web.go:132.16,134.3 1 0
github.com/the-loon-clan/loon-site/web/handlers/achievements_web.go:135.2,141.25 4 0
github.com/the-loon-clan/loon-site/web/handlers/achievements_web.go:141.25,142.69 1 0
github.com/the-loon-clan/loon-site/web/handlers/achievements_web.go:142.69,144.4 1 0
github.com/the-loon-clan/loon-site/web/handlers/achievements_web.go:146.2,147.27 2 0
github.com/the-loon-clan/loon-site/web/handlers/achievements_web.go:147.27,148.13 1 0
github.com/the-loon-clan/loon-site/web/handlers/achievements_web.go:148.13,149.9 1 0
github.com/the-loon-clan/loon-site/web/handlers/achievements_web.go:151.3,155.5 1 0
github.com/the-loon-clan/loon-site/web/handlers/achievements_web.go:157.2,157.18 1 0
github.com/the-loon-clan/loon-site/web/handlers/achievements_web.go:162.49,163.31 1 0
github.com/the-loon-clan/loon-site/web/handlers/achievements_web.go:163.31,164.68 1 0
github.com/the-loon-clan/loon-site/web/handlers/achievements_web.go:164.68,166.4 1 0
github.com/the-loon-clan/loon-site/web/handlers/admin_views.go:32.83,38.49 6 0
github.com/the-loon-clan/loon-site/web/handlers/admin_views.go:38.49,40.3 1 0
github.com/the-loon-clan/loon-site/web/handlers/admin_views.go:43.2,50.48 3 0
github.com/the-loon-clan/loon-site/web/handlers/admin_views.go:50.48,52.3 1 0
github.com/the-loon-clan/loon-site/web/handlers/admin_views.go:53.2,71.36 3 0
github.com/the-loon-clan/loon-site/web/handlers/admin_views.go:71.36,74.35 3 0
github.com/the-loon-clan/loon-site/web/handlers/admin_views.go:74.35,76.4 1 0
github.com/the-loon-clan/loon-site/web/handlers/admin_views.go:80.2,80.48 1 0
github.com/the-loon-clan/loon-site/web/handlers/admin_views.go:80.48,83.35 3 0
github.com/the-loon-clan/loon-site/web/handlers/admin_views.go:83.35,85.4 1 0
github.com/the-loon-clan/loon-site/web/handlers/admin_views.go:89.2,89.32 1 0
github.com/the-loon-clan/loon-site/web/handlers/admin_views.go:89.32,92.35 3 0
github.com/the-loon-clan/loon-site/web/handlers/admin_views.go:92.35,94.4 1 0
github.com/the-loon-clan/loon-site/web/handlers/admin_views.go:101.2,102.32 2 0
github.com/the-loon-clan/loon-site/web/handlers/admin_views.go:102.32,103.35 1 0
github.com/the-loon-clan/loon-site/web/handlers/admin_views.go:103.35,104.12 1 0
github.com/the-loon-clan/loon-site/web/handlers/admin_views.go:106.3,110.38 2 0
github.com/the-loon-clan/loon-site/web/handlers/admin_views.go:110.38,112.4 1 0
github.com/the-loon-clan/loon-site/web/handlers/admin_views.go:113.3,116.5 1 0
github.com/the-loon-clan/loon-site/web/handlers/admin_views.go:118.2,118.57 1 0
github.com/the-loon-clan/loon-site/web/handlers/admin_views.go:118.57,120.25 2 0
github.com/the-loon-clan/loon-site/web/handlers/admin_views.go:120.25,122.4 1 0
github.com/the-loon-clan/loon-site/web/handlers/admin_views.go:123.3,123.29 1 0
github.com/the-loon-clan/loon-site/web/handlers/admin_views.go:143.57,146.2 2 1
github.com/the-loon-clan/loon-site/web/handlers/admin_views.go:212.84,217.41 5 1
github.com/the-loon-clan/loon-site/web/handlers/admin_views.go:217.41,219.20 2 1
github.com/the-loon-clan/loon-site/web/handlers/admin_views.go:219.20,220.11 1 1
github.com/the-loon-clan/loon-site/web/handlers/admin_views.go:221.31,221.31 0 0
github.com/the-loon-clan/loon-site/web/handlers/admin_views.go:222.33,222.33 0 1
github.com/the-loon-clan/loon-site/web/handlers/admin_views.go:224.36,225.69 1 1
github.com/the-loon-clan/loon-site/web/handlers/admin_views.go:226.12,227.65 1 1
github.com/the-loon-clan/loon-site/web/handlers/admin_views.go:229.4,230.12 2 1
github.com/the-loon-clan/loon-site/web/handlers/admin_views.go:233.3,234.73 2 1
github.com/the-loon-clan/loon-site/web/handlers/admin_views.go:234.73,236.29 2 1
github.com/the-loon-clan/loon-site/web/handlers/admin_views.go:236.29,238.5 1 1
github.com/the-loon-clan/loon-site/web/handlers/admin_views.go:239.4,239.7 1 1
github.com/the-loon-clan/loon-site/web/handlers/admin_views.go:241.3,241.10 1 1
github.com/the-loon-clan/loon-site/web/handlers/admin_views.go:242.23,242.23 0 0
github.com/the-loon-clan/loon-site/web/handlers/admin_views.go:244.31,247.54 1 1
github.com/the-loon-clan/loon-site/web/handlers/admin_views.go:248.23,249.76 1 1
github.com/the-loon-clan/loon-site/web/handlers/admin_views.go:250.11,251.66 1 1
github.com/the-loon-clan/loon-site/web/handlers/admin_views.go:254.2,254.31 1 1
github.com/the-loon-clan/loon-site/web/handlers/admin_views.go:293.54,295.34 2 1
github.com/the-loon-clan/loon-site/web/handlers/admin_views.go:295.34,296.54 1 0
github.com/the-loon-clan/loon-site/web/handlers/admin_views.go:296.54,297.12 1 0
github.com/the-loon-clan/loon-site/web/handlers/admin_views.go:299.3,300.17 2 0
github.com/the-loon-clan/loon-site/web/handlers/admin_views.go:300.17,302.12 2 0
github.com/the-loon-clan/loon-site/web/handlers/admin_views.go:304.3,304.62 1 0
github.com/the-loon-clan/loon-site/web/handlers/admin_views.go:306.2,306.12 1 1
github.com/the-loon-clan/loon-site/web/handlers/admin_views.go:325.47,326.34 1 1
github.com/the-loon-clan/loon-site/web/handlers/admin_views.go:326.34,327.21 1 1
github.com/the-loon-clan/loon-site/web/handlers/admin_views.go:327.21,329.4 1 1
github.com/the-loon-clan/loon-site/web/handlers/admin_views.go:331.2,331.14 1 1
github.com/the-loon-clan/loon-site/web/handlers/admin_views.go:339.72,340.34 1 1
github.com/the-loon-clan/loon-site/web/handlers/admin_views.go:340.34,341.21 1 0
github.com/the-loon-clan/loon-site/web/handlers/admin_views.go:341.21,342.12 1 0
github.com/the-loon-clan/loon-site/web/handlers/admin_views.go:344.3,344.23 1 0
github.com/the-loon-clan/loon-site/web/handlers/admin_views.go:344.23,346.4 1 0
github.com/the-loon-clan/loon-site/web/handlers/admin_views.go:347.3,348.17 2 0
github.com/the-loon-clan/loon-site/web/handlers/admin_views.go:348.17,351.4 2 0
github.com/the-loon-clan/loon-site/web/handlers/admin_views.go:352.3,352.17 1 0
github.com/the-loon-clan/loon-site/web/handlers/admin_views.go:352.17,354.4 1 0
github.com/the-loon-clan/loon-site/web/handlers/admin_views.go:355.3,355.56 1 0
github.com/the-loon-clan/loon-site/web/handlers/admin_views.go:357.2,357.26 1 1
github.com/the-loon-clan/loon-site/web/handlers/admin_views.go:379.45,381.2 1 0
github.com/the-loon-clan/loon-site/web/handlers/admin_views.go:383.65,384.30 1 0
github.com/the-loon-clan/loon-site/web/handlers/admin_views.go:384.30,384.68 1 0
github.com/the-loon-clan/loon-site/web/handlers/admin_views.go:391.59,392.36 1 1
github.com/the-loon-clan/loon-site/web/handlers/admin_views.go:392.36,393.21 1 0
github.com/the-loon-clan/loon-site/web/handlers/admin_views.go:393.21,395.4 1 0
github.com/the-loon-clan/loon-site/web/handlers/admin_views.go:397.2,397.30 1 1
github.com/the-loon-clan/loon-site/web/handlers/admin_views.go:397.30,399.3 1 0
github.com/the-loon-clan/loon-site/web/handlers/admin_views.go:400.2,400.27 1 1
github.com/the-loon-clan/loon-site/web/handlers/admin_views.go:406.88,409.36 3 0
github.com/the-loon-clan/loon-site/web/handlers/admin_views.go:409.36,415.3 1 0
github.com/the-loon-clan/loon-site/web/handlers/admin_views.go:416.2,417.8 2 0
github.com/the-loon-clan/loon-site/web/handlers/admin_views.go:417.8,419.10 2 0
github.com/the-loon-clan/loon-site/web/handlers/admin_views.go:420.24,421.20 1 0
github.com/the-loon-clan/loon-site/web/handlers/admin_views.go:422.11,424.18 2 0
github.com/the-loon-clan/loon-site/web/handlers/admin_views.go:424.18,427.5 2 0
github.com/the-loon-clan/loon-site/web/handlers/admin_views.go:428.4,428.12 1 0
github.com/the-loon-clan/loon-site/web/handlers/admin_views.go:430.3,430.87 1 0
github.com/the-loon-clan/loon-site/web/handlers/admin_views.go:432.2,432.42 1 0
github.com/the-loon-clan/loon-site/web/handlers/admin_views.go:435.105,436.30 1 0
github.com/the-loon-clan/loon-site/web/handlers/admin_views.go:436.30,438.17 2 0
github.com/the-loon-clan/loon-site/web/handlers/admin_views.go:438.17,442.4 3 0
github.com/the-loon-clan/loon-site/web/handlers/admin_views.go:443.3,443.17 1 0
github.com/the-loon-clan/loon-site/web/handlers/admin_views.go:443.17,445.4 1 0
github.com/the-loon-clan/loon-site/web/handlers/admin_views.go:446.3,446.41 1 0
github.com/the-loon-clan/loon-site/web/handlers/admin_views.go:452.53,453.30 1 0
github.com/the-loon-clan/loon-site/web/handlers/admin_views.go:453.30,455.17 2 0
github.com/the-loon-clan/loon-site/web/handlers/admin_views.go:455.17,459.4 3 0
github.com/the-loon-clan/loon-site/web/handlers/admin_views.go:460.3,460.85 1 0
github.com/the-loon-clan/loon-site/web/handlers/admin_views.go:464.101,465.30 1 0
github.com/the-loon-clan/loon-site/web/handlers/admin_views.go:465.30,467.17 2 0
github.com/the-loon-clan/loon-site/web/handlers/admin_views.go:467.17,471.4 3 0
github.com/the-loon-clan/loon-site/web/handlers/admin_views.go:472.3,472.17 1 0
github.com/the-loon-clan/loon-site/web/handlers/admin_views.go:472.17,474.4 1 0
github.com/the-loon-clan/loon-site/web/handlers/admin_views.go:475.3,475.85 1 0
github.com/the-loon-clan/loon-site/web/handlers/admin_views.go:481.58,482.21 1 1
github.com/the-loon-clan/loon-site/web/handlers/admin_views.go:482.21,484.3 1 1
github.com/the-loon-clan/loon-site/web/handlers/admin_views.go:485.2,485.105 1 1
github.com/the-loon-clan/loon-site/web/handlers/admin_views.go:485.105,489.3 3 1
github.com/the-loon-clan/loon-site/web/handlers/admin_views.go:490.2,491.14 2 1
github.com/the-loon-clan/loon-site/web/handlers/admin_views.go:494.53,495.30 1 1
github.com/the-loon-clan/loon-site/web/handlers/admin_views.go:495.30,496.24 1 1
github.com/the-loon-clan/loon-site/web/handlers/admin_views.go:496.24,498.4 1 1
github.com/the-loon-clan/loon-site/web/handlers/admin_views.go:499.3,500.17 2 0
github.com/the-loon-clan/loon-site/web/handlers/admin_views.go:500.17,504.4 3 0
github.com/the-loon-clan/loon-site/web/handlers/admin_views.go:505.3,505.84 1 0
github.com/the-loon-clan/loon-site/web/handlers/admin_views.go:509.101,510.30 1 0
github.com/the-loon-clan/loon-site/web/handlers/admin_views.go:510.30,511.24 1 0
github.com/the-loon-clan/loon-site/web/handlers/admin_views.go:511.24,513.4 1 0
github.com/the-loon-clan/loon-site/web/handlers/admin_views.go:514.3,515.17 2 0
github.com/the-loon-clan/loon-site/web/handlers/admin_views.go:515.17,519.4 3 0
github.com/the-loon-clan/loon-site/web/handlers/admin_views.go:520.3,520.17 1 0
github.com/the-loon-clan/loon-site/web/handlers/admin_views.go:520.17,522.4 1 0
github.com/the-loon-clan/loon-site/web/handlers/admin_views.go:523.3,523.84 1 0
github.com/the-loon-clan/loon-site/web/handlers/admin_web.go:35.41,40.24 2 0
github.com/the-loon-clan/loon-site/web/handlers/admin_web.go:40.24,41.49 1 0
github.com/the-loon-clan/loon-site/web/handlers/admin_web.go:41.49,42.44 1 0
github.com/the-loon-clan/loon-site/web/handlers/admin_web.go:42.44,44.5 1 0
github.com/the-loon-clan/loon-site/web/handlers/admin_web.go:44.10,46.5 1 0
github.com/the-loon-clan/loon-site/web/handlers/admin_web.go:49.2,49.83 1 0
github.com/the-loon-clan/loon-site/web/handlers/admin_web.go:61.57,64.26 3 1
github.com/the-loon-clan/loon-site/web/handlers/admin_web.go:64.26,67.10 3 1
github.com/the-loon-clan/loon-site/web/handlers/admin_web.go:67.10,71.4 3 1
github.com/the-loon-clan/loon-site/web/handlers/admin_web.go:72.3,73.49 2 1
github.com/the-loon-clan/loon-site/web/handlers/admin_web.go:73.49,75.4 1 1
github.com/the-loon-clan/loon-site/web/handlers/admin_web.go:77.2,77.15 1 1
github.com/the-loon-clan/loon-site/web/handlers/admin_web.go:80.39,81.25 1 1
github.com/the-loon-clan/loon-site/web/handlers/admin_web.go:81.25,82.27 1 1
github.com/the-loon-clan/loon-site/web/handlers/admin_web.go:82.27,84.4 1 1
github.com/the-loon-clan/loon-site/web/handlers/admin_web.go:86.2,86.13 1 1
github.com/the-loon-clan/loon-site/web/handlers/admin_web.go:89.46,96.23 2 1
github.com/the-loon-clan/loon-site/web/handlers/admin_web.go:96.23,98.3 1 1
github.com/the-loon-clan/loon-site/web/handlers/admin_web.go:99.2,99.23 1 1
github.com/the-loon-clan/loon-site/web/handlers/admin_web.go:99.23,101.3 1 1
github.com/the-loon-clan/loon-site/web/handlers/admin_web.go:101.8,101.28 1 1
github.com/the-loon-clan/loon-site/web/handlers/admin_web.go:101.28,103.3 1 1
github.com/the-loon-clan/loon-site/web/handlers/admin_web.go:104.2,104.10 1 1
github.com/the-loon-clan/loon-site/web/handlers/admin_web.go:107.37,108.16 1 1
github.com/the-loon-clan/loon-site/web/handlers/admin_web.go:108.16,110.3 1 1
github.com/the-loon-clan/loon-site/web/handlers/admin_web.go:111.2,111.40 1 1
github.com/the-loon-clan/loon-site/web/handlers/admin_web.go:116.48,119.19 3 0
github.com/the-loon-clan/loon-site/web/handlers/admin_web.go:120.17,136.24 1 0
github.com/the-loon-clan/loon-site/web/handlers/admin_web.go:136.24,138.4 1 0
github.com/the-loon-clan/loon-site/web/handlers/admin_web.go:138.9,138.31 1 0
github.com/the-loon-clan/loon-site/web/handlers/admin_web.go:138.31,139.72 1 0
github.com/the-loon-clan/loon-site/web/handlers/admin_web.go:139.72,141.5 1 0
github.com/the-loon-clan/loon-site/web/handlers/admin_web.go:141.10,143.5 1 0
github.com/the-loon-clan/loon-site/web/handlers/admin_web.go:144.9,146.4 1 0
github.com/the-loon-clan/loon-site/web/handlers/admin_web.go:147.15,148.26 1 0
github.com/the-loon-clan/loon-site/web/handlers/admin_web.go:149.16,150.27 1 0
github.com/the-loon-clan/loon-site/web/handlers/admin_web.go:151.14,152.25 1 0
github.com/the-loon-clan/loon-site/web/handlers/admin_web.go:154.2,154.48 1 0
github.com/the-loon-clan/loon-site/web/handlers/admin_web.go:164.44,166.17 2 0
github.com/the-loon-clan/loon-site/web/handlers/admin_web.go:166.17,167.36 1 0
github.com/the-loon-clan/loon-site/web/handlers/admin_web.go:167.36,173.4 2 0
github.com/the-loon-clan/loon-site/web/handlers/admin_web.go:175.2,175.88 1 0
github.com/the-loon-clan/loon-site/web/handlers/admin_wiring.go:56.3,93.54 23 0
github.com/the-loon-clan/loon-site/web/handlers/admin_wiring.go:93.54,95.3 1 0
github.com/the-loon-clan/loon-site/web/handlers/admin_wiring.go:96.2,96.56 1 0
github.com/the-loon-clan/loon-site/web/handlers/admin_wiring.go:96.56,98.3 1 0
github.com/the-loon-clan/loon-site/web/handlers/admin_wiring.go:103.2,103.56 1 0
github.com/the-loon-clan/loon-site/web/handlers/admin_wiring.go:103.56,105.3 1 0
github.com/the-loon-clan/loon-site/web/handlers/admin_wiring.go:109.2,109.50 1 0
github.com/the-loon-clan/loon-site/web/handlers/admin_wiring.go:109.50,110.43 1 0
github.com/the-loon-clan/loon-site/web/handlers/admin_wiring.go:110.43,114.4 3 0
github.com/the-loon-clan/loon-site/web/handlers/admin_wiring.go:119.2,119.58 1 0
github.com/the-loon-clan/loon-site/web/handlers/admin_wiring.go:119.58,126.3 2 0
github.com/the-loon-clan/loon-site/web/handlers/admin_wiring.go:133.2,160.78 6 0
github.com/the-loon-clan/loon-site/web/handlers/admin_wiring.go:160.78,162.3 1 0
github.com/the-loon-clan/loon-site/web/handlers/admin_wiring.go:162.8,163.28 1 0
github.com/the-loon-clan/loon-site/web/handlers/admin_wiring.go:163.28,164.44 1 0
github.com/the-loon-clan/loon-site/web/handlers/admin_wiring.go:164.44,166.5 1 0
github.com/the-loon-clan/loon-site/web/handlers/admin_wiring.go:172.2,172.75 1 0
github.com/the-loon-clan/loon-site/web/handlers/admin_wiring.go:172.75,174.3 1 0
github.com/the-loon-clan/loon-site/web/handlers/admin_wiring.go:174.8,175.28 1 0
github.com/the-loon-clan/loon-site/web/handlers/admin_wiring.go:175.28,176.44 1 0
github.com/the-loon-clan/loon-site/web/handlers/admin_wiring.go:176.44,178.5 1 0
github.com/the-loon-clan/loon-site/web/handlers/admin_wiring.go:183.2,183.62 1 0
github.com/the-loon-clan/loon-site/web/handlers/admin_wiring.go:183.62,185.3 1 0
github.com/the-loon-clan/loon-site/web/handlers/admin_wiring.go:185.8,186.28 1 0
github.com/the-loon-clan/loon-site/web/handlers/admin_wiring.go:186.28,187.44 1 0
github.com/the-loon-clan/loon-site/web/handlers/admin_wiring.go:187.44,189.5 1 0
github.com/the-loon-clan/loon-site/web/handlers/admin_wiring.go:194.2,194.49 1 0
github.com/the-loon-clan/loon-site/web/handlers/admin_wiring.go:194.49,196.3 1 0
github.com/the-loon-clan/loon-site/web/handlers/admin_wiring.go:196.8,197.28 1 0
github.com/the-loon-clan/loon-site/web/handlers/admin_wiring.go:197.28,198.44 1 0
github.com/the-loon-clan/loon-site/web/handlers/admin_wiring.go:198.44,200.5 1 0
github.com/the-loon-clan/loon-site/web/handlers/admin_wiring.go:206.2,206.75 1 0
github.com/the-loon-clan/loon-site/web/handlers/admin_wiring.go:206.75,208.3 1 0
github.com/the-loon-clan/loon-site/web/handlers/admin_wiring.go:208.8,209.28 1 0
github.com/the-loon-clan/loon-site/web/handlers/admin_wiring.go:209.28,210.44 1 0
github.com/the-loon-clan/loon-site/web/handlers/admin_wiring.go:210.44,212.5 1 0
github.com/the-loon-clan/loon-site/web/handlers/admin_wiring.go:228.2,228.78 1 0
github.com/the-loon-clan/loon-site/web/handlers/admin_wiring.go:228.78,230.3 1 0
github.com/the-loon-clan/loon-site/web/handlers/admin_wiring.go:230.8,231.28 1 0
github.com/the-loon-clan/loon-site/web/handlers/admin_wiring.go:231.28,232.35 1 0
github.com/the-loon-clan/loon-site/web/handlers/admin_wiring.go:232.35,233.13 1 0
github.com/the-loon-clan/loon-site/web/handlers/admin_wiring.go:235.4,235.44 1 0
github.com/the-loon-clan/loon-site/web/handlers/admin_wiring.go:235.44,237.5 1 0
github.com/the-loon-clan/loon-site/web/handlers/admin_wiring.go:242.2,242.89 1 0
github.com/the-loon-clan/loon-site/web/handlers/admin_wiring.go:242.89,244.17 2 0
github.com/the-loon-clan/loon-site/web/handlers/admin_wiring.go:244.17,246.4 1 0
github.com/the-loon-clan/loon-site/web/handlers/admin_wiring.go:247.3,247.26 1 0
github.com/the-loon-clan/loon-site/web/handlers/admin_wiring.go:248.17,250.3 1 0
github.com/the-loon-clan/loon-site/web/handlers/admin_wiring.go:250.8,251.28 1 0
github.com/the-loon-clan/loon-site/web/handlers/admin_wiring.go:251.28,252.44 1 0
github.com/the-loon-clan/loon-site/web/handlers/admin_wiring.go:252.44,254.5 1 0
github.com/the-loon-clan/loon-site/web/handlers/admin_wiring.go:258.2,258.75 1 0
github.com/the-loon-clan/loon-site/web/handlers/admin_wiring.go:258.75,260.3 1 0
github.com/the-loon-clan/loon-site/web/handlers/admin_wiring.go:260.8,261.28 1 0
github.com/the-loon-clan/loon-site/web/handlers/admin_wiring.go:261.28,262.44 1 0
github.com/the-loon-clan/loon-site/web/handlers/admin_wiring.go:262.44,264.5 1 0
github.com/the-loon-clan/loon-site/web/handlers/admin_wiring.go:272.2,274.57 2 0
github.com/the-loon-clan/loon-site/web/handlers/assetversion_web.go:43.35,46.16 3 1
github.com/the-loon-clan/loon-site/web/handlers/assetversion_web.go:46.16,48.3 1 0
github.com/the-loon-clan/loon-site/web/handlers/assetversion_web.go:51.2,51.76 1 1
github.com/the-loon-clan/loon-site/web/handlers/assetversion_web.go:51.76,52.30 1 1
github.com/the-loon-clan/loon-site/web/handlers/assetversion_web.go:52.30,54.4 1 1
github.com/the-loon-clan/loon-site/web/handlers/assetversion_web.go:55.3,55.39 1 1
github.com/the-loon-clan/loon-site/web/handlers/assetversion_web.go:56.22,56.22 0 1
github.com/the-loon-clan/loon-site/web/handlers/assetversion_web.go:57.11,58.14 1 0
github.com/the-loon-clan/loon-site/web/handlers/assetversion_web.go:60.3,61.17 2 1
github.com/the-loon-clan/loon-site/web/handlers/assetversion_web.go:61.17,63.4 1 0
github.com/the-loon-clan/loon-site/web/handlers/assetversion_web.go:64.3,64.16 1 1
github.com/the-loon-clan/loon-site/web/handlers/assetversion_web.go:64.16,64.33 1 1
github.com/the-loon-clan/loon-site/web/handlers/assetversion_web.go:65.3,67.13 3 1
github.com/the-loon-clan/loon-site/web/handlers/assetversion_web.go:69.2,69.16 1 1
github.com/the-loon-clan/loon-site/web/handlers/assetversion_web.go:69.16,71.3 1 0
github.com/the-loon-clan/loon-site/web/handlers/assetversion_web.go:72.2,72.44 1 1
github.com/the-loon-clan/loon-site/web/handlers/assetversion_web.go:83.32,84.30 1 1
github.com/the-loon-clan/loon-site/web/handlers/assetversion_web.go:84.30,86.3 1 0
github.com/the-loon-clan/loon-site/web/handlers/assetversion_web.go:87.2,87.33 1 1
github.com/the-loon-clan/loon-site/web/handlers/assetversion_web.go:95.43,96.30 1 1
github.com/the-loon-clan/loon-site/web/handlers/assetversion_web.go:96.30,97.56 1 1
github.com/the-loon-clan/loon-site/web/handlers/assetversion_web.go:97.56,98.44 1 0
github.com/the-loon-clan/loon-site/web/handlers/assetversion_web.go:98.44,100.5 1 0
github.com/the-loon-clan/loon-site/web/handlers/assetversion_web.go:100.10,106.5 1 0
github.com/the-loon-clan/loon-site/web/handlers/assetversion_web.go:109.4,110.99 2 0
github.com/the-loon-clan/loon-site/web/handlers/assetversion_web.go:110.99,114.5 3 0
github.com/the-loon-clan/loon-site/web/handlers/assetversion_web.go:116.3,116.11 1 1
github.com/the-loon-clan/loon-site/web/handlers/auth_web.go:23.41,25.2 1 1
github.com/the-loon-clan/loon-site/web/handlers/auth_web.go:27.41,31.16 2 0
github.com/the-loon-clan/loon-site/web/handlers/auth_web.go:31.16,33.3 1 0
github.com/the-loon-clan/loon-site/web/handlers/auth_web.go:38.2,38.46 1 0
github.com/the-loon-clan/loon-site/web/handlers/auth_web.go:38.46,44.3 3 0
github.com/the-loon-clan/loon-site/web/handlers/auth_web.go:45.2,45.88 1 0
github.com/the-loon-clan/loon-site/web/handlers/auth_web.go:45.88,49.3 3 0
github.com/the-loon-clan/loon-site/web/handlers/auth_web.go:50.2,55.23 3 0
github.com/the-loon-clan/loon-site/web/handlers/auth_web.go:55.23,57.15 2 0
github.com/the-loon-clan/loon-site/web/handlers/auth_web.go:57.15,59.4 1 0
github.com/the-loon-clan/loon-site/web/handlers/auth_web.go:60.3,61.61 1 0
github.com/the-loon-clan/loon-site/web/handlers/auth_web.go:61.61,63.4 1 0
github.com/the-loon-clan/loon-site/web/handlers/auth_web.go:65.2,65.16 1 0
github.com/the-loon-clan/loon-site/web/handlers/auth_web.go:65.16,69.3 3 0
github.com/the-loon-clan/loon-site/web/handlers/auth_web.go:75.2,75.56 1 0
github.com/the-loon-clan/loon-site/web/handlers/auth_web.go:75.56,78.3 2 0
github.com/the-loon-clan/loon-site/web/handlers/auth_web.go:79.2,79.43 1 0
github.com/the-loon-clan/loon-site/web/handlers/auth_web.go:79.43,81.3 1 0
github.com/the-loon-clan/loon-site/web/handlers/auth_web.go:82.2,82.38 1 0
github.com/the-loon-clan/loon-site/web/handlers/auth_web.go:85.44,94.2 1 1
github.com/the-loon-clan/loon-site/web/handlers/auth_web.go:96.44,98.16 2 0
github.com/the-loon-clan/loon-site/web/handlers/auth_web.go:98.16,100.3 1 0
github.com/the-loon-clan/loon-site/web/handlers/auth_web.go:106.2,106.40 1 0
github.com/the-loon-clan/loon-site/web/handlers/auth_web.go:106.40,112.3 2 0
[...]
github.com/the-loon-clan/loon-site/web/handlers/views.go:523.59,525.3 1 0
github.com/the-loon-clan/loon-site/web/handlers/views.go:529.2,529.53 1 1
github.com/the-loon-clan/loon-site/web/handlers/views.go:529.53,531.3 1 0
github.com/the-loon-clan/loon-site/web/handlers/views.go:543.2,543.61 1 1
github.com/the-loon-clan/loon-site/web/handlers/views.go:543.61,551.3 7 0
github.com/the-loon-clan/loon-site/web/handlers/views.go:553.2,553.46 1 1
github.com/the-loon-clan/loon-site/web/handlers/views.go:553.46,556.3 2 0
github.com/the-loon-clan/loon-site/web/handlers/views.go:559.2,559.46 1 1
github.com/the-loon-clan/loon-site/web/handlers/views.go:559.46,560.52 1 0
github.com/the-loon-clan/loon-site/web/handlers/views.go:560.52,562.4 1 0
github.com/the-loon-clan/loon-site/web/handlers/views.go:564.2,564.35 1 1
github.com/the-loon-clan/loon-site/web/handlers/views.go:583.78,584.17 1 1
github.com/the-loon-clan/loon-site/web/handlers/views.go:584.17,586.3 1 1
github.com/the-loon-clan/loon-site/web/handlers/views.go:587.2,601.41 5 1
github.com/the-loon-clan/loon-site/web/handlers/views.go:601.41,602.72 1 1
github.com/the-loon-clan/loon-site/web/handlers/views.go:602.72,604.4 1 0
github.com/the-loon-clan/loon-site/web/handlers/views.go:606.2,607.14 2 1
github.com/the-loon-clan/loon-site/web/handlers/views.go:607.14,623.22 4 1
github.com/the-loon-clan/loon-site/web/handlers/views.go:623.22,624.75 1 1
github.com/the-loon-clan/loon-site/web/handlers/views.go:624.75,627.5 2 1
github.com/the-loon-clan/loon-site/web/handlers/views.go:638.3,638.21 1 1
github.com/the-loon-clan/loon-site/web/handlers/views.go:638.21,639.87 1 1
github.com/the-loon-clan/loon-site/web/handlers/views.go:639.87,641.5 1 1
github.com/the-loon-clan/loon-site/web/handlers/views.go:643.3,643.21 1 1
github.com/the-loon-clan/loon-site/web/handlers/views.go:643.21,644.76 1 1
github.com/the-loon-clan/loon-site/web/handlers/views.go:644.76,647.5 2 1
github.com/the-loon-clan/loon-site/web/handlers/views.go:664.2,664.98 1 1
github.com/the-loon-clan/loon-site/web/handlers/views.go:664.98,666.3 1 0
github.com/the-loon-clan/loon-site/web/handlers/views.go:671.2,686.2 4 1
github.com/the-loon-clan/loon-site/web/handlers/views.go:686.2,689.20 3 1
github.com/the-loon-clan/loon-site/web/handlers/views.go:689.20,690.67 1 1
github.com/the-loon-clan/loon-site/web/handlers/views.go:690.67,692.5 1 0
github.com/the-loon-clan/loon-site/web/handlers/views.go:694.3,694.74 1 1
github.com/the-loon-clan/loon-site/web/handlers/views.go:708.2,727.26 4 1
github.com/the-loon-clan/loon-site/web/handlers/views.go:727.26,728.49 1 0
github.com/the-loon-clan/loon-site/web/handlers/views.go:728.49,729.86 1 0
github.com/the-loon-clan/loon-site/web/handlers/views.go:729.86,733.5 3 0
github.com/the-loon-clan/loon-site/web/handlers/views.go:736.2,738.13 3 1
github.com/the-loon-clan/loon-site/web/handlers/views.go:741.72,750.2 1 1
github.com/the-loon-clan/loon-site/web/handlers/views.go:759.90,762.14 3 1
github.com/the-loon-clan/loon-site/web/handlers/views.go:762.14,765.3 2 0
github.com/the-loon-clan/loon-site/web/handlers/views.go:766.2,766.20 1 1
github.com/the-loon-clan/loon-site/web/handlers/views.go:766.20,771.17 2 0
github.com/the-loon-clan/loon-site/web/handlers/views.go:771.17,774.4 2 0
github.com/the-loon-clan/loon-site/web/handlers/views.go:775.3,775.12 1 0
github.com/the-loon-clan/loon-site/web/handlers/views.go:777.2,779.71 3 1
github.com/the-loon-clan/loon-site/web/handlers/views.go:779.71,781.3 1 0
github.com/the-loon-clan/loon-site/web/handlers/views.go:836.56,838.38 2 1
github.com/the-loon-clan/loon-site/web/handlers/views.go:838.38,839.33 1 1
github.com/the-loon-clan/loon-site/web/handlers/views.go:839.33,841.4 1 1
github.com/the-loon-clan/loon-site/web/handlers/views.go:843.2,843.12 1 1
github.com/the-loon-clan/loon-site/web/handlers/views.go:860.36,870.41 4 1
github.com/the-loon-clan/loon-site/web/handlers/views.go:870.41,872.3 1 0
github.com/the-loon-clan/loon-site/web/handlers/views.go:874.2,877.21 3 1
github.com/the-loon-clan/loon-site/web/handlers/views.go:877.21,880.20 3 0
github.com/the-loon-clan/loon-site/web/handlers/views.go:880.20,883.4 2 0
github.com/the-loon-clan/loon-site/web/handlers/views.go:888.3,888.69 1 0
github.com/the-loon-clan/loon-site/web/handlers/views.go:888.69,890.4 1 0
github.com/the-loon-clan/loon-site/web/handlers/views.go:891.3,891.38 1 0
github.com/the-loon-clan/loon-site/web/handlers/views.go:891.38,893.23 2 0
github.com/the-loon-clan/loon-site/web/handlers/views.go:893.23,895.5 1 0
github.com/the-loon-clan/loon-site/web/handlers/views.go:903.2,903.22 1 1
github.com/the-loon-clan/loon-site/web/handlers/views.go:903.22,904.44 1 0
github.com/the-loon-clan/loon-site/web/handlers/views.go:904.44,906.4 1 0
github.com/the-loon-clan/loon-site/web/handlers/views.go:908.2,908.15 1 1
github.com/the-loon-clan/loon-site/web/handlers/views.go:908.15,910.3 1 0
github.com/the-loon-clan/loon-site/web/handlers/views.go:912.2,912.36 1 1
github.com/the-loon-clan/loon-site/web/handlers/views.go:912.36,913.26 1 0
github.com/the-loon-clan/loon-site/web/handlers/views.go:913.26,915.4 1 0
github.com/the-loon-clan/loon-site/web/handlers/views.go:916.3,916.26 1 0
github.com/the-loon-clan/loon-site/web/handlers/views.go:916.26,918.4 1 0
github.com/the-loon-clan/loon-site/web/handlers/views.go:928.2,928.48 1 1
github.com/the-loon-clan/loon-site/web/handlers/views.go:928.48,930.3 1 1
github.com/the-loon-clan/loon-site/web/handlers/views.go:936.2,937.32 2 1
github.com/the-loon-clan/loon-site/web/handlers/views.go:940.38,942.21 2 1
github.com/the-loon-clan/loon-site/web/handlers/views.go:942.21,943.66 1 0
github.com/the-loon-clan/loon-site/web/handlers/views.go:943.66,945.4 1 0
github.com/the-loon-clan/loon-site/web/handlers/views.go:947.2,947.34 1 1
github.com/the-loon-clan/loon-site/web/handlers/views.go:952.38,954.22 2 1
github.com/the-loon-clan/loon-site/web/handlers/views.go:954.22,958.3 3 1
github.com/the-loon-clan/loon-site/web/handlers/views.go:959.2,961.20 3 0
github.com/the-loon-clan/loon-site/web/handlers/views.go:961.20,962.54 1 0
github.com/the-loon-clan/loon-site/web/handlers/views.go:962.54,964.4 1 0
github.com/the-loon-clan/loon-site/web/handlers/views.go:965.3,966.9 2 0
github.com/the-loon-clan/loon-site/web/handlers/views.go:968.2,969.30 2 0
github.com/the-loon-clan/loon-site/web/handlers/views.go:969.30,974.3 2 0
github.com/the-loon-clan/loon-site/web/handlers/views.go:975.2,977.21 3 0
github.com/the-loon-clan/loon-site/web/handlers/views.go:977.21,978.99 1 0
github.com/the-loon-clan/loon-site/web/handlers/views.go:978.99,984.55 5 0
github.com/the-loon-clan/loon-site/web/handlers/views.go:984.55,986.5 1 0
github.com/the-loon-clan/loon-site/web/handlers/views.go:989.4,997.25 5 0
github.com/the-loon-clan/loon-site/web/handlers/views.go:1000.2,1000.34 1 0
github.com/the-loon-clan/loon-site/web/handlers/views.go:1006.64,1008.27 2 0
github.com/the-loon-clan/loon-site/web/handlers/views.go:1008.27,1009.22 1 0
github.com/the-loon-clan/loon-site/web/handlers/views.go:1009.22,1011.34 2 0
github.com/the-loon-clan/loon-site/web/handlers/views.go:1011.34,1013.5 1 0
github.com/the-loon-clan/loon-site/web/handlers/views.go:1014.4,1014.14 1 0
github.com/the-loon-clan/loon-site/web/handlers/views.go:1016.3,1016.33 1 0
github.com/the-loon-clan/loon-site/web/handlers/views.go:1016.33,1017.21 1 0
github.com/the-loon-clan/loon-site/web/handlers/views.go:1017.21,1019.5 1 0
github.com/the-loon-clan/loon-site/web/handlers/views.go:1022.2,1022.21 1 0
github.com/the-loon-clan/loon-site/web/handlers/views.go:1025.38,1034.21 4 1
github.com/the-loon-clan/loon-site/web/handlers/views.go:1034.21,1037.10 3 0
github.com/the-loon-clan/loon-site/web/handlers/views.go:1038.22,1039.74 1 0
github.com/the-loon-clan/loon-site/web/handlers/views.go:1040.16,1041.68 1 0
github.com/the-loon-clan/loon-site/web/handlers/views.go:1043.3,1043.17 1 0
github.com/the-loon-clan/loon-site/web/handlers/views.go:1043.17,1049.55 5 0
github.com/the-loon-clan/loon-site/web/handlers/views.go:1049.55,1051.5 1 0
github.com/the-loon-clan/loon-site/web/handlers/views.go:1054.4,1057.22 4 0
github.com/the-loon-clan/loon-site/web/handlers/views.go:1060.2,1060.34 1 1
github.com/the-loon-clan/loon-site/web/handlers/views.go:1064.48,1065.70 1 0
github.com/the-loon-clan/loon-site/web/handlers/views.go:1065.70,1067.40 2 0
github.com/the-loon-clan/loon-site/web/handlers/views.go:1067.40,1069.4 1 0
github.com/the-loon-clan/loon-site/web/handlers/views.go:1070.3,1070.17 1 0
github.com/the-loon-clan/loon-site/web/handlers/views.go:1070.17,1072.4 1 0
github.com/the-loon-clan/loon-site/web/handlers/views.go:1073.3,1073.25 1 0
github.com/the-loon-clan/loon-site/web/handlers/views.go:1075.2,1077.79 1 0
github.com/the-loon-clan/loon-site/web/handlers/views.go:1077.79,1079.41 2 0
github.com/the-loon-clan/loon-site/web/handlers/views.go:1079.41,1081.5 1 0
github.com/the-loon-clan/loon-site/web/handlers/views.go:1082.4,1082.18 1 0
github.com/the-loon-clan/loon-site/web/handlers/views.go:1082.18,1084.5 1 0
github.com/the-loon-clan/loon-site/web/handlers/views.go:1085.4,1085.26 1 0
github.com/the-loon-clan/loon-site/web/handlers/views.go:1087.70,1088.59 1 0
github.com/the-loon-clan/loon-site/web/handlers/views.go:1088.59,1090.5 1 0
github.com/the-loon-clan/loon-site/web/handlers/views.go:1091.4,1091.18 1 0
github.com/the-loon-clan/loon-site/web/handlers/views.go:1093.88,1095.27 2 0
github.com/the-loon-clan/loon-site/web/handlers/views.go:1095.27,1096.60 1 0
github.com/the-loon-clan/loon-site/web/handlers/views.go:1096.60,1098.6 1 0
github.com/the-loon-clan/loon-site/web/handlers/views.go:1100.4,1100.19 1 0
github.com/the-loon-clan/loon-site/web/handlers/views.go:1116.89,1118.19 2 0
github.com/the-loon-clan/loon-site/web/handlers/views.go:1118.19,1120.3 1 0
github.com/the-loon-clan/loon-site/web/handlers/views.go:1121.2,1122.25 2 0
github.com/the-loon-clan/loon-site/web/handlers/views.go:1122.25,1124.3 1 0
github.com/the-loon-clan/loon-site/web/handlers/views.go:1125.2,1126.25 2 0
github.com/the-loon-clan/loon-site/web/handlers/views.go:1126.25,1128.10 2 0
github.com/the-loon-clan/loon-site/web/handlers/views.go:1128.10,1129.12 1 0
github.com/the-loon-clan/loon-site/web/handlers/views.go:1131.3,1133.24 3 0
github.com/the-loon-clan/loon-site/web/handlers/views.go:1133.24,1134.9 1 0
github.com/the-loon-clan/loon-site/web/handlers/views.go:1137.2,1137.12 1 0
github.com/the-loon-clan/loon-site/web/handlers/views.go:1143.32,1144.14 1 1
github.com/the-loon-clan/loon-site/web/handlers/views.go:1144.14,1146.3 1 1
github.com/the-loon-clan/loon-site/web/handlers/views.go:1147.2,1148.16 2 1
github.com/the-loon-clan/loon-site/web/handlers/widgets_web.go:51.57,52.34 1 0
github.com/the-loon-clan/loon-site/web/handlers/widgets_web.go:52.34,53.19 1 0
github.com/the-loon-clan/loon-site/web/handlers/widgets_web.go:53.19,55.4 1 0
github.com/the-loon-clan/loon-site/web/handlers/widgets_web.go:57.2,57.30 1 0
github.com/the-loon-clan/loon-site/web/handlers/widgets_web.go:87.76,88.19 1 1
github.com/the-loon-clan/loon-site/web/handlers/widgets_web.go:88.19,90.3 1 0
github.com/the-loon-clan/loon-site/web/handlers/widgets_web.go:91.2,91.86 1 1
github.com/the-loon-clan/loon-site/web/handlers/widgets_web.go:100.92,109.43 1 1
github.com/the-loon-clan/loon-site/web/handlers/widgets_web.go:109.43,111.3 1 1
github.com/the-loon-clan/loon-site/web/handlers/widgets_web.go:112.2,113.19 2 1
github.com/the-loon-clan/loon-site/web/handlers/widgets_web.go:113.19,115.3 1 1
github.com/the-loon-clan/loon-site/web/handlers/widgets_web.go:116.2,117.33 2 0
github.com/the-loon-clan/loon-site/web/handlers/widgets_web.go:117.33,119.25 2 0
github.com/the-loon-clan/loon-site/web/handlers/widgets_web.go:119.25,120.12 1 0
github.com/the-loon-clan/loon-site/web/handlers/widgets_web.go:122.3,122.17 1 0
github.com/the-loon-clan/loon-site/web/handlers/widgets_web.go:122.17,124.4 1 0
github.com/the-loon-clan/loon-site/web/handlers/widgets_web.go:125.3,125.25 1 0
github.com/the-loon-clan/loon-site/web/handlers/widgets_web.go:127.2,127.12 1 0
github.com/the-loon-clan/loon-site/web/handlers/widgets_web.go:131.114,132.41 1 1
github.com/the-loon-clan/loon-site/web/handlers/widgets_web.go:132.41,134.3 1 1
github.com/the-loon-clan/loon-site/web/handlers/widgets_web.go:135.2,137.31 3 0
github.com/the-loon-clan/loon-site/web/handlers/widgets_web.go:137.31,138.17 1 0
github.com/the-loon-clan/loon-site/web/handlers/widgets_web.go:138.17,139.12 1 0
github.com/the-loon-clan/loon-site/web/handlers/widgets_web.go:141.3,142.70 2 0
github.com/the-loon-clan/loon-site/web/handlers/widgets_web.go:142.70,143.12 1 0
github.com/the-loon-clan/loon-site/web/handlers/widgets_web.go:147.3,149.58 3 0
github.com/the-loon-clan/loon-site/web/handlers/widgets_web.go:149.58,150.12 1 0
github.com/the-loon-clan/loon-site/web/handlers/widgets_web.go:152.3,152.88 1 0
github.com/the-loon-clan/loon-site/web/handlers/widgets_web.go:154.2,154.12 1 0
github.com/the-loon-clan/loon-site/web/handlers/widgets_web.go:159.82,160.17 1 0
github.com/the-loon-clan/loon-site/web/handlers/widgets_web.go:160.17,162.3 1 0
github.com/the-loon-clan/loon-site/web/handlers/widgets_web.go:163.2,164.55 2 0
github.com/the-loon-clan/loon-site/web/handlers/widgets_web.go:164.55,166.3 1 0
github.com/the-loon-clan/loon-site/web/handlers/widgets_web.go:167.2,168.45 2 0
github.com/the-loon-clan/loon-site/web/handlers/widgets_web.go:168.45,169.52 1 0
github.com/the-loon-clan/loon-site/web/handlers/widgets_web.go:169.52,171.4 1 0
github.com/the-loon-clan/loon-site/web/handlers/widgets_web.go:173.2,173.44 1 0
github.com/the-loon-clan/loon-site/web/handlers/widgets_web.go:173.44,173.82 1 0
github.com/the-loon-clan/loon-site/web/handlers/widgets_web.go:174.2,174.12 1 0
github.com/the-loon-clan/loon-site/web/handlers/widgetsadmin_web.go:23.48,25.64 2 0
github.com/the-loon-clan/loon-site/web/handlers/widgetsadmin_web.go:25.64,29.3 1 0
github.com/the-loon-clan/loon-site/web/handlers/widgetsadmin_web.go:30.2,47.55 4 0
github.com/the-loon-clan/loon-site/web/handlers/widgetsadmin_web.go:47.55,50.53 2 0
github.com/the-loon-clan/loon-site/web/handlers/widgetsadmin_web.go:50.53,53.4 2 0
github.com/the-loon-clan/loon-site/web/handlers/widgetsadmin_web.go:54.3,54.30 1 0
github.com/the-loon-clan/loon-site/web/handlers/widgetsadmin_web.go:57.2,63.4 1 0
github.com/the-loon-clan/loon-site/web/handlers/widgetsadmin_web.go:72.50,75.64 3 0
github.com/the-loon-clan/loon-site/web/handlers/widgetsadmin_web.go:75.64,78.3 2 0
github.com/the-loon-clan/loon-site/web/handlers/widgetsadmin_web.go:79.2,82.19 3 0
github.com/the-loon-clan/loon-site/web/handlers/widgetsadmin_web.go:83.13,86.51 1 0
github.com/the-loon-clan/loon-site/web/handlers/widgetsadmin_web.go:86.51,87.9 1 0
github.com/the-loon-clan/loon-site/web/handlers/widgetsadmin_web.go:92.3,92.44 1 0
github.com/the-loon-clan/loon-site/web/handlers/widgetsadmin_web.go:93.16,94.45 1 0
github.com/the-loon-clan/loon-site/web/handlers/widgetsadmin_web.go:95.16,98.45 1 0
github.com/the-loon-clan/loon-site/web/handlers/widgetsadmin_web.go:99.19,105.59 1 0
github.com/the-loon-clan/loon-site/web/handlers/widgetsadmin_web.go:106.14,107.36 1 0
github.com/the-loon-clan/loon-site/web/handlers/widgetsadmin_web.go:107.36,109.4 1 0
github.com/the-loon-clan/loon-site/web/handlers/widgetsadmin_web.go:111.2,111.66 1 0
github.com/the-loon-clan/loon-site/web/handlers/widgetsadmin_web.go:121.74,125.25 4 0
github.com/the-loon-clan/loon-site/web/handlers/widgetsadmin_web.go:125.25,126.21 1 0
github.com/the-loon-clan/loon-site/web/handlers/widgetsadmin_web.go:126.21,128.9 2 0
github.com/the-loon-clan/loon-site/web/handlers/widgetsadmin_web.go:131.2,131.13 1 0
github.com/the-loon-clan/loon-site/web/handlers/widgetsadmin_web.go:131.13,133.3 1 0
github.com/the-loon-clan/loon-site/web/handlers/widgetsadmin_web.go:134.2,135.39 2 0
github.com/the-loon-clan/loon-site/web/handlers/widgetsadmin_web.go:135.39,137.3 1 0
github.com/the-loon-clan/loon-site/web/handlers/widgetsadmin_web.go:138.2,140.25 3 0
github.com/the-loon-clan/loon-site/web/handlers/widgetsadmin_web.go:140.25,142.3 1 0
github.com/the-loon-clan/loon-site/web/handlers/widgetsadmin_web.go:143.2,143.47 1 0
github.com/the-loon-clan/loon-site/web/handlers/widgetsbuiltin_web.go:33.52,37.29 1 0
github.com/the-loon-clan/loon-site/web/handlers/widgetsbuiltin_web.go:37.29,38.45 1 0
github.com/the-loon-clan/loon-site/web/handlers/widgetsbuiltin_web.go:38.45,40.4 1 0
github.com/the-loon-clan/loon-site/web/handlers/widgetsbuiltin_web.go:58.2,66.56 1 0
github.com/the-loon-clan/loon-site/web/handlers/widgetsbuiltin_web.go:66.56,72.17 2 0
github.com/the-loon-clan/loon-site/web/handlers/widgetsbuiltin_web.go:72.17,74.5 1 0
github.com/the-loon-clan/loon-site/web/handlers/widgetsbuiltin_web.go:75.4,75.36 1 0
github.com/the-loon-clan/loon-site/web/handlers/widgetsbuiltin_web.go:80.2,86.56 1 0
github.com/the-loon-clan/loon-site/web/handlers/widgetsbuiltin_web.go:86.56,87.23 1 0
github.com/the-loon-clan/loon-site/web/handlers/widgetsbuiltin_web.go:87.23,89.5 1 0
github.com/the-loon-clan/loon-site/web/handlers/widgetsbuiltin_web.go:90.4,91.37 2 0
github.com/the-loon-clan/loon-site/web/handlers/widgetsbuiltin_web.go:91.37,93.5 1 0
github.com/the-loon-clan/loon-site/web/handlers/widgetsbuiltin_web.go:94.4,99.46 1 0
github.com/the-loon-clan/loon-site/web/handlers/wiki_web.go:42.69,43.37 1 0
github.com/the-loon-clan/loon-site/web/handlers/wiki_web.go:43.37,44.46 1 0
github.com/the-loon-clan/loon-site/web/handlers/wiki_web.go:44.46,46.4 1 0
github.com/the-loon-clan/loon-site/web/handlers/wiki_web.go:51.2,51.55 1 0
github.com/the-loon-clan/loon-site/web/handlers/wiki_web.go:51.55,53.3 1 0
github.com/the-loon-clan/loon-site/web/handlers/wiki_web.go:54.2,65.83 2 0
github.com/the-loon-clan/loon-site/web/handlers/wiki_web.go:65.83,68.4 1 0
github.com/the-loon-clan/loon-site/web/handlers/wiki_web.go:72.2,72.12 1 0
github.com/the-loon-clan/loon-site/web/handlers/wishlist_web.go:49.44,51.9 2 1
github.com/the-loon-clan/loon-site/web/handlers/wishlist_web.go:51.9,53.3 1 0
github.com/the-loon-clan/loon-site/web/handlers/wishlist_web.go:54.2,65.4 3 1
github.com/the-loon-clan/loon-site/web/handlers/wishlist_web.go:69.43,71.9 2 0
github.com/the-loon-clan/loon-site/web/handlers/wishlist_web.go:71.9,73.3 1 0
github.com/the-loon-clan/loon-site/web/handlers/wishlist_web.go:74.2,79.46 3 0
github.com/the-loon-clan/loon-site/web/handlers/wishlist_web.go:79.46,82.3 2 0
github.com/the-loon-clan/loon-site/web/handlers/wishlist_web.go:83.2,84.54 2 0
github.com/the-loon-clan/loon-site/web/handlers/wishlist_web.go:84.54,88.3 2 0
github.com/the-loon-clan/loon-site/web/handlers/wishlist_web.go:89.2,89.63 1 0
github.com/the-loon-clan/loon-site/web/handlers/wishlist_web.go:89.63,93.3 3 0
github.com/the-loon-clan/loon-site/web/handlers/wishlist_web.go:94.2,94.46 1 0
github.com/the-loon-clan/loon-site/web/handlers/wishlist_web.go:102.46,104.9 2 0
github.com/the-loon-clan/loon-site/web/handlers/wishlist_web.go:104.9,106.3 1 0
github.com/the-loon-clan/loon-site/web/handlers/wishlist_web.go:107.2,108.27 2 0
github.com/the-loon-clan/loon-site/web/handlers/wishlist_web.go:108.27,111.3 2 0
github.com/the-loon-clan/loon-site/web/handlers/wishlist_web.go:112.2,117.20 4 0
github.com/the-loon-clan/loon-site/web/handlers/wishlist_web.go:118.16,119.42 1 0
github.com/the-loon-clan/loon-site/web/handlers/wishlist_web.go:120.16,121.42 1 0
github.com/the-loon-clan/loon-site/web/handlers/wishlist_web.go:122.10,123.40 1 0
github.com/the-loon-clan/loon-site/web/handlers/wishlist_web.go:125.2,125.17 1 0
github.com/the-loon-clan/loon-site/web/handlers/wishlist_web.go:125.17,127.3 1 0
github.com/the-loon-clan/loon-site/web/handlers/wishlist_web.go:128.2,129.13 2 0
github.com/the-loon-clan/loon-site/web/handlers/wishlist_web.go:129.13,131.3 1 0
github.com/the-loon-clan/loon-site/web/handlers/wishlist_web.go:132.2,132.39 1 0
